This is pdfTeX, Version 3.141592653-2.6-1.40.26 (MiKTeX 24.4) (preloaded format=pdflatex 2024.6.28)  12 AUG 2024 19:38
entering extended mode
 restricted \write18 enabled.
 file:line:error style messages enabled.
 %&-line parsing enabled.
**"c:/Users/deivi/OneDrive - Instituto Federal de Minas Gerais/TCC/monografia.tex"
(c:/Users/deivi/OneDrive - Instituto Federal de Minas Gerais/TCC/monografia.tex
LaTeX2e <2024-06-01> patch level 1
L3 programming layer <2024-05-27>
(iftex2020.cls
Document Class: iftex2020 2020/10/27 v2020 Classe IF para trabalhos academicos por Marcos Roberto Ribeiro
(C:\Users\deivi\AppData\Local\Programs\MiKTeX\tex/latex/abntex2\abntex2.cls
Document Class: abntex2 2018/11/24 v-1.9.7 abnTeX2
(C:\Users\deivi\AppData\Local\Programs\MiKTeX\tex/latex/base\ifthen.sty
Package: ifthen 2024/03/16 v1.1e Standard LaTeX ifthen package (DPC)
) (C:\Users\deivi\AppData\Local\Programs\MiKTeX\tex/latex/memoir\memoir.cls
Document Class: memoir 2024/01/26 v3.8.2 configurable book, report, article document class
(C:\Users\deivi\AppData\Local\Programs\MiKTeX\tex/latex/xpatch\xpatch.sty (C:\Users\deivi\AppData\Local\Programs\MiKTeX\tex/latex/l3kernel\expl3.sty
Package: expl3 2024-05-27 L3 programming layer (loader) 
 (C:\Users\deivi\AppData\Local\Programs\MiKTeX\tex/latex/l3backend\l3backend-pdftex.def
File: l3backend-pdftex.def 2024-05-08 L3 backend support: PDF output (pdfTeX)
\l__color_backend_stack_int=\count194
\l__pdf_internal_box=\box52
))
Package: xpatch 2020/03/25 v0.3a Extending etoolbox patching commands
 (C:\Users\deivi\AppData\Local\Programs\MiKTeX\tex/latex/l3packages/xparse\xparse.sty
Package: xparse 2024-05-08 L3 Experimental document command parser
) (C:\Users\deivi\AppData\Local\Programs\MiKTeX\tex/latex/etoolbox\etoolbox.sty
Package: etoolbox 2020/10/05 v2.5k e-TeX tools for LaTeX (JAW)
\etb@tempcnta=\count195
))
\onelineskip=\skip49
\lxvchars=\skip50
\xlvchars=\skip51
\@memcnta=\count196
\c@@memmarkcntra=\count197
 (C:\Users\deivi\AppData\Local\Programs\MiKTeX\tex/generic/iftex\iftex.sty
Package: iftex 2022/02/03 v1.0f TeX engine tests
)
\trimtop=\skip52
\trimedge=\skip53
 (C:\Users\deivi\AppData\Local\Programs\MiKTeX\tex/latex/memoir\mem12.clo
File: mem12.clo 2022/07/29 v0.5 memoir class 12pt size option
)
\binding=\skip54
\spinemargin=\skip55
\foremargin=\skip56
\uppermargin=\skip57
\lowermargin=\skip58
\headdrop=\skip59
\normalrulethickness=\skip60
\mem@maxheadheight=\skip61
\mem@maxfootheight=\skip62
\headwidth=\skip63
\c@storedpagenumber=\count198
\memPD=\dimen141
\m@mabparskip=\skip64
\thanksmarkwidth=\skip65
\thanksmarksep=\skip66
\droptitle=\skip67
\c@book=\count199
\c@part=\count266
\c@chapter=\count267
\c@section=\count268
\c@subsection=\count269
\c@subsubsection=\count270
\c@paragraph=\count271
\c@subparagraph=\count272
\beforechapskip=\skip68
\midchapskip=\skip69
\afterchapskip=\skip70
\chapindent=\skip71
\bottomsectionskip=\skip72
\secindent=\skip73
\beforesecskip=\skip74
\aftersecskip=\skip75
\subsecindent=\skip76
\beforesubsecskip=\skip77
\aftersubsecskip=\skip78
\subsubsecindent=\skip79
\beforesubsubsecskip=\skip80
\aftersubsubsecskip=\skip81
\paraindent=\skip82
\beforeparaskip=\skip83
\afterparaskip=\skip84
\subparaindent=\skip85
\beforesubparaskip=\skip86
\aftersubparaskip=\skip87
\pfbreakskip=\skip88
\c@@ppsavesec=\count273
\c@@ppsaveapp=\count274
\ragrparindent=\dimen142
\everylistparindent=\dimen143
\parsepi=\skip89
\topsepi=\skip90
\itemsepi=\skip91
\parsepii=\skip92
\topsepii=\skip93
\topsepiii=\skip94
\itemsepii=\skip95
\itemsepiii=\skip96
\partopsepii=\skip97
\partopsepiii=\skip98
\m@msavetopsep=\skip99
\m@msavepartopsep=\skip100
\@enLab=\toks17
\abstitleskip=\skip101
\absleftindent=\skip102
\abs@leftindent=\dimen144
\absrightindent=\skip103
\absparindent=\skip104
\absparsep=\skip105
\c@vslineno=\count275
\c@poemline=\count276
\c@modulo@vs=\count277
\c@memfvsline=\count278
\vleftskip=\skip106
\vrightskip=\skip107
\stanzaskip=\skip108
\versewidth=\skip109
\vgap=\skip110
\vindent=\skip111
\vleftmargin=\dimen145
\c@verse=\count279
\c@chrsinstr=\count280
\beforepoemtitleskip=\skip112
\afterpoemtitleskip=\skip113
\c@poem=\count281
\beforePoemTitleskip=\skip114
\midPoemTitleskip=\skip115
\afterPoemTitleskip=\skip116
 (C:\Users\deivi\AppData\Local\Programs\MiKTeX\tex/latex/tools\array.sty
Package: array 2024/06/14 v2.6d Tabular extension package (FMi)
\col@sep=\dimen146
\ar@mcellbox=\box53
\extrarowheight=\dimen147
\NC@list=\toks18
\extratabsurround=\skip117
\backup@length=\skip118
\ar@cellbox=\box54
) (C:\Users\deivi\AppData\Local\Programs\MiKTeX\tex/latex/tools\dcolumn.sty
Package: dcolumn 2023/07/08 v1.06 decimal alignment package (DPC)
) (C:\Users\deivi\AppData\Local\Programs\MiKTeX\tex/latex/tools\delarray.sty
Package: delarray 2014/10/28 v1.01 array delimiter package (DPC)
) (C:\Users\deivi\AppData\Local\Programs\MiKTeX\tex/latex/tools\tabularx.sty
Package: tabularx 2023/12/11 v2.12a `tabularx' package (DPC)
\TX@col@width=\dimen148
\TX@old@table=\dimen149
\TX@old@col=\dimen150
\TX@target=\dimen151
\TX@delta=\dimen152
\TX@cols=\count282
\TX@ftn=\toks19
) (C:\Users\deivi\AppData\Local\Programs\MiKTeX\tex/latex/booktabs\booktabs.sty
Package: booktabs 2020/01/12 v1.61803398 Publication quality tables
\heavyrulewidth=\dimen153
\lightrulewidth=\dimen154
\cmidrulewidth=\dimen155
\belowrulesep=\dimen156
\belowbottomsep=\dimen157
\aboverulesep=\dimen158
\abovetopsep=\dimen159
\cmidrulesep=\dimen160
\cmidrulekern=\dimen161
\defaultaddspace=\dimen162
\@cmidla=\count283
\@cmidlb=\count284
\@aboverulesep=\dimen163
\@belowrulesep=\dimen164
\@thisruleclass=\count285
\@lastruleclass=\count286
\@thisrulewidth=\dimen165
)
\ctableftskip=\skip119
\ctabrightskip=\skip120
\abovecolumnspenalty=\count287
\@linestogo=\count288
\@cellstogo=\count289
\@cellsincolumn=\count290
\crtok=\toks20
\@mincolumnwidth=\dimen166
\c@newflo@tctr=\count291
\mem@margin@floatbox=\box55
\@contcwidth=\skip121
\@contindw=\skip122
\abovecaptionskip=\skip123
\belowcaptionskip=\skip124
\subfloattopskip=\skip125
\subfloatcapskip=\skip126
\subfloatcaptopadj=\skip127
\subfloatbottomskip=\skip128
\subfloatlabelskip=\skip129
\subfloatcapmargin=\dimen167
\c@@contsubnum=\count292
\m@mscap@capbox=\box56
\m@mscap@fbox=\box57
\sidecapsep=\dimen168
\sidecapwidth=\dimen169
\m@m@tempdima=\dimen170
\m@mscapraise=\dimen171
\sidecapraise=\dimen172
\m@mscapmainwidth=\dimen173
\m@mscaplkern=\dimen174
\beforeepigraphskip=\skip130
\afterepigraphskip=\skip131
\epigraphwidth=\skip132
\epigraphrule=\skip133
LaTeX Info: Redefining \em on input line 6932.
LaTeX Info: Redefining \emph on input line 6940.
 (C:\Users\deivi\AppData\Local\Programs\MiKTeX\tex/latex/hyperref\nameref.sty
Package: nameref 2023-11-26 v2.56 Cross-referencing by name of section
 (C:\Users\deivi\AppData\Local\Programs\MiKTeX\tex/latex/refcount\refcount.sty
Package: refcount 2019/12/15 v3.6 Data extraction from label references (HO)
 (C:\Users\deivi\AppData\Local\Programs\MiKTeX\tex/generic/ltxcmds\ltxcmds.sty
Package: ltxcmds 2023-12-04 v1.26 LaTeX kernel commands for general use (HO)
) (C:\Users\deivi\AppData\Local\Programs\MiKTeX\tex/generic/infwarerr\infwarerr.sty
Package: infwarerr 2019/12/03 v1.5 Providing info/warning/error messages (HO)
)) (C:\Users\deivi\AppData\Local\Programs\MiKTeX\tex/generic/gettitlestring\gettitlestring.sty
Package: gettitlestring 2019/12/15 v1.6 Cleanup title references (HO)
 (C:\Users\deivi\AppData\Local\Programs\MiKTeX\tex/latex/kvoptions\kvoptions.sty
Package: kvoptions 2022-06-15 v3.15 Key value format for package options (HO)
 (C:\Users\deivi\AppData\Local\Programs\MiKTeX\tex/latex/graphics\keyval.sty
Package: keyval 2022/05/29 v1.15 key=value parser (DPC)
\KV@toks@=\toks21
) (C:\Users\deivi\AppData\Local\Programs\MiKTeX\tex/latex/kvsetkeys\kvsetkeys.sty
Package: kvsetkeys 2022-10-05 v1.19 Key value parser (HO)
)))
\c@section@level=\count293
)
\tocentryskip=\skip134
\tocbaseline=\skip135
\cftparskip=\skip136
\cftbeforebookskip=\skip137
\cftbookindent=\dimen175
\cftbooknumwidth=\dimen176
\cftbeforepartskip=\skip138
\cftpartindent=\skip139
\cftpartnumwidth=\skip140
\cftbeforechapterskip=\skip141
\cftchapterindent=\skip142
\cftchapternumwidth=\skip143
\cftbeforesectionskip=\skip144
\cftsectionindent=\skip145
\cftsectionnumwidth=\skip146
\cftbeforesubsectionskip=\skip147
\cftsubsectionindent=\skip148
\cftsubsectionnumwidth=\skip149
\cftbeforesubsubsectionskip=\skip150
\cftsubsubsectionindent=\skip151
\cftsubsubsectionnumwidth=\skip152
\cftbeforeparagraphskip=\skip153
\cftparagraphindent=\skip154
\cftparagraphnumwidth=\skip155
\cftbeforesubparagraphskip=\skip156
\cftsubparagraphindent=\skip157
\cftsubparagraphnumwidth=\skip158
\prechapterprecisshift=\dimen177
\c@maxsecnumdepth=\count294
\bibindent=\dimen178
\bibitemsep=\skip159
\indexcolsep=\skip160
\indexrule=\skip161
\indexmarkstyle=\toks22
\@indexbox=\insert252
LaTeX Info: Redefining \raggedbottom on input line 7935.
LaTeX Info: Redefining \flushbottom on input line 7939.
\glossarycolsep=\dimen179
\glossaryrule=\dimen180
\sideparvshift=\skip162
\sideins=\insert251
\sidebartopsep=\skip163
\sidebarhsep=\skip164
\sidebarvsep=\skip165
\sidebarwidth=\skip166
\footmarkwidth=\skip167
\footmarksep=\skip168
\footparindent=\skip169
\footinsdim=\skip170
\footinsv@r=\insert250
\@mpfootinsv@r=\insert249
\m@m@k=\count295
\m@m@h=\dimen181
\m@mipn@skip=\skip171
\sidefootins=\insert248
\sidefootadjust=\skip172
\sidefootheight=\skip173
\sidefoothsep=\skip174
\sidefootvsep=\skip175
\sidefootwidth=\skip176
\m@mdownsf=\skip177
\c@sidefootnote=\count296
\sidefootmarkwidth=\skip178
\sidefootmarksep=\skip179
\sidefootparindent=\skip180
\c@pagenote=\count297
\c@pagenoteshadow=\count298
\mem@pn@lastkern=\skip181
 (C:\Users\deivi\AppData\Local\Programs\MiKTeX\tex/latex/tools\verbatim.sty
Package: verbatim 2024-01-22 v1.5x LaTeX2e package for verbatim enhancements
\every@verbatim=\toks23
\verbatim@line=\toks24
\verbatim@in@stream=\read2
)
\verbatimindent=\skip182
\verbatim@out=\write3
 (C:\Users\deivi\AppData\Local\Programs\MiKTeX\tex/latex/base\shortvrb.sty
Package: shortvrb 2024/04/26 v3.0p Standard LaTeX documentation package V3 (FMi)
)
\bvboxsep=\skip183
\c@memfbvline=\count299
\c@bvlinectr=\count300
\bvnumlength=\skip184
\fb@frw=\dimen182
\fb@frh=\dimen183
\FrameRule=\dimen184
\FrameSep=\dimen185
\c@cp@cntr=\count301
\c@ism@mctr=\count302
\c@xsm@mctr=\count303
\c@csm@mctr=\count304
\c@ksm@mctr=\count305
\c@xksm@mctr=\count306
\c@cksm@mctr=\count307
\c@msm@mctr=\count308
\c@xmsm@mctr=\count309
\c@cmsm@mctr=\count310
\c@bsm@mctr=\count311
\c@workm@mctr=\count312
\c@sheetsequence=\count313
\c@lastsheet=\count314
\c@lastpage=\count315
 (C:\Users\deivi\AppData\Local\Programs\MiKTeX\tex/latex/textcase\textcase.sty
Package: textcase 2023/07/27 v1.04 Text only upper/lower case changing (DPC)
Package textcase Info: Defining Legacy names on input line 20.
)
\c@figure=\count316
\c@lofdepth=\count317
\cftbeforefigureskip=\skip185
\cftfigureindent=\skip186
\cftfigurenumwidth=\skip187
\c@table=\count318
\c@lotdepth=\count319
\cftbeforetableskip=\skip188
\cfttableindent=\skip189
\cfttablenumwidth=\skip190
Package abstract [2008/07/23] emulated by memoir.
Package appendix [2008/07/23] emulated by memoir.
Package ccaption [2008/07/23] emulated by memoir.
Package changepage [2008/07/23] emulated by memoir.
Package chngcntr [2008/07/23] emulated by memoir.
Package chngpage [2008/07/23] emulated by memoir.
Package crop emulated by memoir.
Package enumerate [2008/07/23] emulated by memoir.
Package epigraph [2008/07/23] emulated by memoir.
Package ifmtarg [2008/07/23] emulated by memoir.
Package index [2008/07/23] emulated by memoir.
Package makeidx [2008/07/23] emulated by memoir.
Package moreverb [2008/07/23] emulated by memoir.
Package needspace [2008/07/23] emulated by memoir.
Package newfile [2008/07/23] emulated by memoir.
Package nextpage [2008/07/23] emulated by memoir.
Package pagenote [2008/07/23] emulated by memoir.
Package parskip [2008/07/23] emulated by memoir.
Package patchcmd [2008/07/23] emulated by memoir.
Package setspace [2008/07/23] emulated by memoir.
Package shortvrb [2008/07/23] emulated by memoir.
Package showidx [2008/07/23] emulated by memoir.
Package titleref [2008/07/23] emulated by memoir.
Package titling [2008/07/23] emulated by memoir.
Package tocbibind [2008/07/23] emulated by memoir.
Package tocloft [2008/07/23] emulated by memoir.
Package tocvsec2 [2008/07/23] emulated by memoir.
Package verbatim [2008/07/23] emulated by memoir.
Package verse [2008/07/23] emulated by memoir.
) (C:\Users\deivi\AppData\Local\Programs\MiKTeX\tex/latex/hyperref\hyperref.sty
Package: hyperref 2024-05-23 v7.01i Hypertext links for LaTeX
 (C:\Users\deivi\AppData\Local\Programs\MiKTeX\tex/generic/kvdefinekeys\kvdefinekeys.sty
Package: kvdefinekeys 2019-12-19 v1.6 Define keys (HO)
) (C:\Users\deivi\AppData\Local\Programs\MiKTeX\tex/generic/pdfescape\pdfescape.sty
Package: pdfescape 2019/12/09 v1.15 Implements pdfTeX's escape features (HO)
 (C:\Users\deivi\AppData\Local\Programs\MiKTeX\tex/generic/pdftexcmds\pdftexcmds.sty
Package: pdftexcmds 2020-06-27 v0.33 Utility functions of pdfTeX for LuaTeX (HO)
Package pdftexcmds Info: \pdf@primitive is available.
Package pdftexcmds Info: \pdf@ifprimitive is available.
Package pdftexcmds Info: \pdfdraftmode found.
)) (C:\Users\deivi\AppData\Local\Programs\MiKTeX\tex/latex/hycolor\hycolor.sty
Package: hycolor 2020-01-27 v1.10 Color options for hyperref/bookmark (HO)
) (C:\Users\deivi\AppData\Local\Programs\MiKTeX\tex/generic/stringenc\stringenc.sty
Package: stringenc 2019/11/29 v1.12 Convert strings between diff. encodings (HO)
)
\@linkdim=\dimen186
\Hy@linkcounter=\count320
\Hy@pagecounter=\count321
 (C:\Users\deivi\AppData\Local\Programs\MiKTeX\tex/latex/hyperref\pd1enc.def
File: pd1enc.def 2024-05-23 v7.01i Hyperref: PDFDocEncoding definition (HO)
Now handling font encoding PD1 ...
... no UTF-8 mapping file for font encoding PD1
) (C:\Users\deivi\AppData\Local\Programs\MiKTeX\tex/generic/intcalc\intcalc.sty
Package: intcalc 2019/12/15 v1.3 Expandable calculations with integers (HO)
)
\Hy@SavedSpaceFactor=\count322
 (C:\Users\deivi\AppData\Local\Programs\MiKTeX\tex/latex/hyperref\puenc.def
File: puenc.def 2024-05-23 v7.01i Hyperref: PDF Unicode definition (HO)
Now handling font encoding PU ...
... no UTF-8 mapping file for font encoding PU
)
Package hyperref Info: Hyper figures OFF on input line 4157.
Package hyperref Info: Link nesting OFF on input line 4162.
Package hyperref Info: Hyper index ON on input line 4165.
Package hyperref Info: Plain pages OFF on input line 4172.
Package hyperref Info: Backreferencing OFF on input line 4177.
Package hyperref Info: Implicit mode ON; LaTeX internals redefined.
Package hyperref Info: Bookmarks ON on input line 4424.
\c@Hy@tempcnt=\count323
 (C:\Users\deivi\AppData\Local\Programs\MiKTeX\tex/latex/url\url.sty
\Urlmuskip=\muskip17
Package: url 2013/09/16  ver 3.4  Verb mode for urls, etc.
)
LaTeX Info: Redefining \url on input line 4763.
\XeTeXLinkMargin=\dimen187
 (C:\Users\deivi\AppData\Local\Programs\MiKTeX\tex/generic/bitset\bitset.sty
Package: bitset 2019/12/09 v1.3 Handle bit-vector datatype (HO)
 (C:\Users\deivi\AppData\Local\Programs\MiKTeX\tex/generic/bigintcalc\bigintcalc.sty
Package: bigintcalc 2019/12/15 v1.5 Expandable calculations on big integers (HO)
))
\Fld@menulength=\count324
\Field@Width=\dimen188
\Fld@charsize=\dimen189
Package hyperref Info: Hyper figures OFF on input line 6042.
Package hyperref Info: Link nesting OFF on input line 6047.
Package hyperref Info: Hyper index ON on input line 6050.
Package hyperref Info: backreferencing OFF on input line 6057.
Package hyperref Info: Link coloring OFF on input line 6062.
Package hyperref Info: Link coloring with OCG OFF on input line 6067.
Package hyperref Info: PDF/A mode OFF on input line 6072.
 (C:\Users\deivi\AppData\Local\Programs\MiKTeX\tex/latex/base\atbegshi-ltx.sty
Package: atbegshi-ltx 2021/01/10 v1.0c Emulation of the original atbegshi
package with kernel methods
)
\Hy@abspage=\count325
\c@Item=\count326
\c@Hfootnote=\count327
)
Package hyperref Info: Driver (autodetected): hpdftex.
 (C:\Users\deivi\AppData\Local\Programs\MiKTeX\tex/latex/hyperref\hpdftex.def
File: hpdftex.def 2024-05-23 v7.01i Hyperref driver for pdfTeX
 (C:\Users\deivi\AppData\Local\Programs\MiKTeX\tex/latex/base\atveryend-ltx.sty
Package: atveryend-ltx 2020/08/19 v1.0a Emulation of the original atveryend package
with kernel methods
)
\Fld@listcount=\count328
\c@bookmark@seq@number=\count329
 (C:\Users\deivi\AppData\Local\Programs\MiKTeX\tex/latex/rerunfilecheck\rerunfilecheck.sty
Package: rerunfilecheck 2022-07-10 v1.10 Rerun checks for auxiliary files (HO)
 (C:\Users\deivi\AppData\Local\Programs\MiKTeX\tex/generic/uniquecounter\uniquecounter.sty
Package: uniquecounter 2019/12/15 v1.4 Provide unlimited unique counter (HO)
)
Package uniquecounter Info: New unique counter `rerunfilecheck' on input line 285.
)
\Hy@SectionHShift=\skip191
) (C:\Users\deivi\AppData\Local\Programs\MiKTeX\tex/latex/memoir\memhfixc.sty
Package: memhfixc 2023/09/10 v1.22 hyperref package fixes for memoir class
\c@memhycontfloat=\count330
\c@Hpagenote=\count331
) (C:\Users\deivi\AppData\Local\Programs\MiKTeX\tex/latex/bookmark\bookmark.sty
Package: bookmark 2023-12-10 v1.31 PDF bookmarks (HO)
 (C:\Users\deivi\AppData\Local\Programs\MiKTeX\tex/latex/bookmark\bkm-pdftex.def
File: bkm-pdftex.def 2023-12-10 v1.31 bookmark driver for pdfTeX and luaTeX (HO)
\BKM@id=\count332
)) (C:\Users\deivi\AppData\Local\Programs\MiKTeX\tex/generic/babel\babel.sty
Package: babel 2024/06/02 v24.6 The Babel package
\babel@savecnt=\count333
\U@D=\dimen190
\l@unhyphenated=\language79
 (C:\Users\deivi\AppData\Local\Programs\MiKTeX\tex/generic/babel\txtbabel.def)
\bbl@readstream=\read3
\bbl@dirlevel=\count334

*************************************
* Local config file bblopts.cfg used
*
(C:\Users\deivi\AppData\Local\Programs\MiKTeX\tex/latex/arabi\bblopts.cfg
File: bblopts.cfg 2005/09/08 v0.1 add Arabic and Farsi to "declared" options of babel
) (C:\Users\deivi\AppData\Local\Programs\MiKTeX\tex/latex/babel-portuges\brazil.ldf
Language: portuges 2021/07/09 v1.2t Portuguese support from the babel system
Package babel Info: Hyphen rules for 'brazil' set to \l@portuguese
(babel)             (\language56). Reported on input line 111.
Package babel Info: Making " an active character on input line 143.
)) (C:\Users\deivi\AppData\Local\Programs\MiKTeX\tex/latex/enumitem\enumitem.sty
Package: enumitem 2019/06/20 v3.9 Customized lists
\labelindent=\skip192
\enit@outerparindent=\dimen191
\enit@toks=\toks25
\enit@inbox=\box58
\enit@count@id=\count335
\enitdp@description=\count336
) (C:\Users\deivi\AppData\Local\Programs\MiKTeX\tex/latex/tools\calc.sty
Package: calc 2023/07/08 v4.3 Infix arithmetic (KKT,FJ)
\calc@Acount=\count337
\calc@Bcount=\count338
\calc@Adimen=\dimen192
\calc@Bdimen=\dimen193
\calc@Askip=\skip193
\calc@Bskip=\skip194
LaTeX Info: Redefining \setlength on input line 80.
LaTeX Info: Redefining \addtolength on input line 81.
\calc@Ccount=\count339
\calc@Cskip=\skip195
)

******************************************************
Stock height and width: 845.04684pt by 597.50787pt
Top and edge trims: 0pt and 0pt
Page height and width: 845.04684pt by 597.50787pt
Text height and width: 708pt by 455pt
Spine and edge margins: 85.35826pt and 56.9055pt
Upper and lower margins: 85.35826pt and 51.68858pt
Headheight and headsep: 14.5pt and 19.8738pt
Footskip: 30pt
Columnsep and columnseprule: 10pt and 0pt
Marginparsep and marginparwidth: 7pt and 42.9055pt
Sidecapsep and sidecapwidth: 7pt and 42pt
Sidebarhsep and sidebarwidth: 7pt and 42pt
Sidebarvsep and sidebartopsep: 14.5pt and 0pt
Sidebarheight: 590.14995pt
Sidefoothsep and sidefootwidth: 7pt and 42pt
Sidefootvsep and sidefootheight: 14.5pt and 590.14995pt
******************************************************

\c@abntex@bookmarkcounter=\count340
\cftlastnumwidth=\skip196
\chapternamenumlength=\skip197
\ABNTEXcitacaorecuo=\skip198
\c@alineasi=\count341
\c@alineasii=\count342
\enitdp@alineas=\count343
\c@subalineasi=\count344
\enitdp@subalineas=\count345
\c@incisosi=\count346
\enitdp@incisos=\count347
\ABNTEXsignwidth=\skip199
\ABNTEXsignthickness=\skip256
\ABNTEXsignskip=\skip257
) (C:\Users\deivi\AppData\Local\Programs\MiKTeX\tex/latex/base\fontenc.sty
Package: fontenc 2021/04/29 v2.0v Standard LaTeX package
) (C:\Users\deivi\AppData\Local\Programs\MiKTeX\tex/latex/base\inputenc.sty
Package: inputenc 2024/02/08 v1.3d Input encoding file
\inpenc@prehook=\toks26
\inpenc@posthook=\toks27
) (C:\Users\deivi\AppData\Local\Programs\MiKTeX\tex/latex/morewrites\morewrites.sty (C:\Users\deivi\AppData\Local\Programs\MiKTeX\tex/latex/morewrites\primargs.sty
Package: primargs 2024/02/02 Parsing arguments of primitives
)
Package: morewrites 2024/02/02 Always room for a new write
\g__morewrites_later_int=\count348
\l__morewrites_user_int=\count349
\g__morewrites_iow=\write4
\g__morewrites_ior=\read4
\g__morewrites_group_level_int=\count350
\g__morewrites_shipout_box=\box59
\l__morewrites_collect_next_int=\count351
\g__morewrites_alloc_write_int=\count352
) (C:\Users\deivi\AppData\Local\Programs\MiKTeX\tex/latex/lm\lmodern.sty
Package: lmodern 2015/05/01 v1.6.1 Latin Modern Fonts
LaTeX Font Info:    Overwriting symbol font `operators' in version `normal'
(Font)                  OT1/cmr/m/n --> OT1/lmr/m/n on input line 22.
LaTeX Font Info:    Overwriting symbol font `letters' in version `normal'
(Font)                  OML/cmm/m/it --> OML/lmm/m/it on input line 23.
LaTeX Font Info:    Overwriting symbol font `symbols' in version `normal'
(Font)                  OMS/cmsy/m/n --> OMS/lmsy/m/n on input line 24.
LaTeX Font Info:    Overwriting symbol font `largesymbols' in version `normal'
(Font)                  OMX/cmex/m/n --> OMX/lmex/m/n on input line 25.
LaTeX Font Info:    Overwriting symbol font `operators' in version `bold'
(Font)                  OT1/cmr/bx/n --> OT1/lmr/bx/n on input line 26.
LaTeX Font Info:    Overwriting symbol font `letters' in version `bold'
(Font)                  OML/cmm/b/it --> OML/lmm/b/it on input line 27.
LaTeX Font Info:    Overwriting symbol font `symbols' in version `bold'
(Font)                  OMS/cmsy/b/n --> OMS/lmsy/b/n on input line 28.
LaTeX Font Info:    Overwriting symbol font `largesymbols' in version `bold'
(Font)                  OMX/cmex/m/n --> OMX/lmex/m/n on input line 29.
LaTeX Font Info:    Overwriting math alphabet `\mathbf' in version `normal'
(Font)                  OT1/cmr/bx/n --> OT1/lmr/bx/n on input line 31.
LaTeX Font Info:    Overwriting math alphabet `\mathsf' in version `normal'
(Font)                  OT1/cmss/m/n --> OT1/lmss/m/n on input line 32.
LaTeX Font Info:    Overwriting math alphabet `\mathit' in version `normal'
(Font)                  OT1/cmr/m/it --> OT1/lmr/m/it on input line 33.
LaTeX Font Info:    Overwriting math alphabet `\mathtt' in version `normal'
(Font)                  OT1/cmtt/m/n --> OT1/lmtt/m/n on input line 34.
LaTeX Font Info:    Overwriting math alphabet `\mathbf' in version `bold'
(Font)                  OT1/cmr/bx/n --> OT1/lmr/bx/n on input line 35.
LaTeX Font Info:    Overwriting math alphabet `\mathsf' in version `bold'
(Font)                  OT1/cmss/bx/n --> OT1/lmss/bx/n on input line 36.
LaTeX Font Info:    Overwriting math alphabet `\mathit' in version `bold'
(Font)                  OT1/cmr/bx/it --> OT1/lmr/bx/it on input line 37.
LaTeX Font Info:    Overwriting math alphabet `\mathtt' in version `bold'
(Font)                  OT1/cmtt/m/n --> OT1/lmtt/m/n on input line 38.
) (C:\Users\deivi\AppData\Local\Programs\MiKTeX\tex/latex/lastpage\lastpage.sty
Package: lastpage 2024/04/27 v2.1a lastpage: 2.09 or 2e? (HMM)
 (C:\Users\deivi\AppData\Local\Programs\MiKTeX\tex/latex/lastpage\lastpage2e.sty
Package: lastpage2e 2024/04/27 v2.1a Decide which 2e lastpage version to use (HMM)
 (C:\Users\deivi\AppData\Local\Programs\MiKTeX\tex/latex/lastpage\lastpagemodern.sty
Package: lastpagemodern 2024-04-27 v2.1a Refers to last page's name (HMM; JPG)
\c@lastpagecount=\count353
) 
)) (C:\Users\deivi\AppData\Local\Programs\MiKTeX\tex/latex/tools\indentfirst.sty
Package: indentfirst 2023/07/02 v1.03 Indent first paragraph (DPC)
) (C:\Users\deivi\AppData\Local\Programs\MiKTeX\tex/latex/graphics\graphicx.sty
Package: graphicx 2021/09/16 v1.2d Enhanced LaTeX Graphics (DPC,SPQR)
 (C:\Users\deivi\AppData\Local\Programs\MiKTeX\tex/latex/graphics\graphics.sty
Package: graphics 2024/05/23 v1.4g Standard LaTeX Graphics (DPC,SPQR)
 (C:\Users\deivi\AppData\Local\Programs\MiKTeX\tex/latex/graphics\trig.sty
Package: trig 2023/12/02 v1.11 sin cos tan (DPC)
) (C:\Users\deivi\AppData\Local\Programs\MiKTeX\tex/latex/graphics-cfg\graphics.cfg
File: graphics.cfg 2016/06/04 v1.11 sample graphics configuration
)
Package graphics Info: Driver file: pdftex.def on input line 106.
 (C:\Users\deivi\AppData\Local\Programs\MiKTeX\tex/latex/graphics-def\pdftex.def
File: pdftex.def 2024/04/13 v1.2c Graphics/color driver for pdftex
))
\Gin@req@height=\dimen194
\Gin@req@width=\dimen195
) (C:\Users\deivi\AppData\Local\Programs\MiKTeX\tex/latex/caption\caption.sty
Package: caption 2023/08/05 v3.6o Customizing captions (AR)
 (C:\Users\deivi\AppData\Local\Programs\MiKTeX\tex/latex/caption\caption3.sty
Package: caption3 2023/07/31 v2.4d caption3 kernel (AR)
\caption@tempdima=\dimen196
\captionmargin=\dimen197
\caption@leftmargin=\dimen198
\caption@rightmargin=\dimen199
\caption@width=\dimen256
\caption@indent=\dimen257
\caption@parindent=\dimen258
\caption@hangindent=\dimen259
Package caption Info: memoir document class detected.
 (C:\Users\deivi\AppData\Local\Programs\MiKTeX\tex/latex/caption\caption-memoir.sto
File: caption-memoir.sto 2023/09/08 v2.2c Adaption of the caption package to the memoir document class (AR)
))
\c@caption@flags=\count354
\c@continuedfloat=\count355
Package caption Info: changepage package is loaded.
\caption@adjustwidth@hsize=\dimen260
\caption@adjustwidth@linewidth=\dimen261
Package caption Info: hyperref package is loaded.
) (C:\Users\deivi\AppData\Local\Programs\MiKTeX\tex/latex/microtype\microtype.sty
Package: microtype 2024/03/29 v3.1b Micro-typographical refinements (RS)
\MT@toks=\toks28
\MT@tempbox=\box60
\MT@count=\count356
LaTeX Info: Redefining \noprotrusionifhmode on input line 1061.
LaTeX Info: Redefining \leftprotrusion on input line 1062.
\MT@prot@toks=\toks29
LaTeX Info: Redefining \rightprotrusion on input line 1081.
LaTeX Info: Redefining \textls on input line 1392.
\MT@outer@kern=\dimen262
LaTeX Info: Redefining \textmicrotypecontext on input line 2013.
\MT@listname@count=\count357
 (C:\Users\deivi\AppData\Local\Programs\MiKTeX\tex/latex/microtype\microtype-pdftex.def
File: microtype-pdftex.def 2024/03/29 v3.1b Definitions specific to pdftex (RS)
LaTeX Info: Redefining \lsstyle on input line 902.
LaTeX Info: Redefining \lslig on input line 902.
\MT@outer@space=\skip258
)
Package microtype Info: Loading configuration file microtype.cfg.
 (C:\Users\deivi\AppData\Local\Programs\MiKTeX\tex/latex/microtype\microtype.cfg
File: microtype.cfg 2024/03/29 v3.1b microtype main configuration file (RS)
)) (C:\Users\deivi\AppData\Local\Programs\MiKTeX\tex/latex/pdfpages\pdfpages.sty
Package: pdfpages 2024/05/29 v0.6a Insert pages of external PDF documents (AM)
 (C:\Users\deivi\AppData\Local\Programs\MiKTeX\tex/latex/eso-pic\eso-pic.sty
Package: eso-pic 2023/05/03 v3.0c eso-pic (RN)
\ESO@tempdima=\dimen263
\ESO@tempdimb=\dimen264
 (C:\Users\deivi\AppData\Local\Programs\MiKTeX\tex/latex/xcolor\xcolor.sty
Package: xcolor 2023/11/15 v3.01 LaTeX color extensions (UK)
 (C:\Users\deivi\AppData\Local\Programs\MiKTeX\tex/latex/graphics-cfg\color.cfg
File: color.cfg 2016/01/02 v1.6 sample color configuration
)
Package xcolor Info: Driver file: pdftex.def on input line 274.
 (C:\Users\deivi\AppData\Local\Programs\MiKTeX\tex/latex/graphics\mathcolor.ltx)
Package xcolor Info: Model `cmy' substituted by `cmy0' on input line 1350.
Package xcolor Info: Model `hsb' substituted by `rgb' on input line 1354.
Package xcolor Info: Model `RGB' extended on input line 1366.
Package xcolor Info: Model `HTML' substituted by `rgb' on input line 1368.
Package xcolor Info: Model `Hsb' substituted by `hsb' on input line 1369.
Package xcolor Info: Model `tHsb' substituted by `hsb' on input line 1370.
Package xcolor Info: Model `HSB' substituted by `hsb' on input line 1371.
Package xcolor Info: Model `Gray' substituted by `gray' on input line 1372.
Package xcolor Info: Model `wave' substituted by `hsb' on input line 1373.
))
\AM@pagewidth=\dimen265
\AM@pageheight=\dimen266
\AM@fboxrule=\dimen267
 (C:\Users\deivi\AppData\Local\Programs\MiKTeX\tex/latex/pdfpages\pppdftex.def
File: pppdftex.def 2024/05/29 v0.6a Pdfpages driver for pdfTeX (AM)
)
\pdfpages@includegraphics@status=\count358
\AM@pagebox=\box61
\AM@global@opts=\toks30
\AM@pagecnt=\count359
\AM@toc@title=\toks31
\AM@lof@heading=\toks32
\c@AM@survey=\count360
\AM@templatesizebox=\box62
) (C:\Users\deivi\AppData\Local\Programs\MiKTeX\tex/latex/hyphenat\hyphenat.sty
Package: hyphenat 2009/09/02 v2.3c hyphenation utilities
\langwohyphens=\language80
LaTeX Info: Redefining \_ on input line 43.
) (C:\Users\deivi\AppData\Local\Programs\MiKTeX\tex/latex/amsmath\amsmath.sty
Package: amsmath 2024/05/23 v2.17q AMS math features
\@mathmargin=\skip259

For additional information on amsmath, use the `?' option.
(C:\Users\deivi\AppData\Local\Programs\MiKTeX\tex/latex/amsmath\amstext.sty
Package: amstext 2021/08/26 v2.01 AMS text
 (C:\Users\deivi\AppData\Local\Programs\MiKTeX\tex/latex/amsmath\amsgen.sty
File: amsgen.sty 1999/11/30 v2.0 generic functions
\@emptytoks=\toks33
\ex@=\dimen268
)) (C:\Users\deivi\AppData\Local\Programs\MiKTeX\tex/latex/amsmath\amsbsy.sty
Package: amsbsy 1999/11/29 v1.2d Bold Symbols
\pmbraise@=\dimen269
) (C:\Users\deivi\AppData\Local\Programs\MiKTeX\tex/latex/amsmath\amsopn.sty
Package: amsopn 2022/04/08 v2.04 operator names
)
\inf@bad=\count361
LaTeX Info: Redefining \frac on input line 233.
\uproot@=\count362
\leftroot@=\count363
LaTeX Info: Redefining \overline on input line 398.
LaTeX Info: Redefining \colon on input line 409.
\classnum@=\count364
\DOTSCASE@=\count365
LaTeX Info: Redefining \ldots on input line 495.
LaTeX Info: Redefining \dots on input line 498.
LaTeX Info: Redefining \cdots on input line 619.
\Mathstrutbox@=\box63
\strutbox@=\box64
LaTeX Info: Redefining \big on input line 721.
LaTeX Info: Redefining \Big on input line 722.
LaTeX Info: Redefining \bigg on input line 723.
LaTeX Info: Redefining \Bigg on input line 724.
\big@size=\dimen270
LaTeX Font Info:    Redeclaring font encoding OML on input line 742.
LaTeX Font Info:    Redeclaring font encoding OMS on input line 743.
\macc@depth=\count366
LaTeX Info: Redefining \bmod on input line 904.
LaTeX Info: Redefining \pmod on input line 909.
LaTeX Info: Redefining \smash on input line 939.
LaTeX Info: Redefining \relbar on input line 969.
LaTeX Info: Redefining \Relbar on input line 970.
\c@MaxMatrixCols=\count367
\dotsspace@=\muskip18
\c@parentequation=\count368
\dspbrk@lvl=\count369
\tag@help=\toks34
\row@=\count370
\column@=\count371
\maxfields@=\count372
\andhelp@=\toks35
\eqnshift@=\dimen271
\alignsep@=\dimen272
\tagshift@=\dimen273
\tagwidth@=\dimen274
\totwidth@=\dimen275
\lineht@=\dimen276
\@envbody=\toks36
\multlinegap=\skip260
\multlinetaggap=\skip261
\mathdisplay@stack=\toks37
LaTeX Info: Redefining \[ on input line 2953.
LaTeX Info: Redefining \] on input line 2954.
) (C:\Users\deivi\AppData\Local\Programs\MiKTeX\tex/latex/amsfonts\amsfonts.sty
Package: amsfonts 2013/01/14 v3.01 Basic AMSFonts support
\symAMSa=\mathgroup4
\symAMSb=\mathgroup5
LaTeX Font Info:    Redeclaring math symbol \hbar on input line 98.
LaTeX Font Info:    Overwriting math alphabet `\mathfrak' in version `bold'
(Font)                  U/euf/m/n --> U/euf/b/n on input line 106.
) (C:\Users\deivi\AppData\Local\Programs\MiKTeX\tex/latex/amsfonts\amssymb.sty
Package: amssymb 2013/01/14 v3.01 AMS font symbols
) (C:\Users\deivi\AppData\Local\Programs\MiKTeX\tex/latex/amscls\amsthm.sty
Package: amsthm 2020/05/29 v2.20.6
\thm@style=\toks38
\thm@bodyfont=\toks39
\thm@headfont=\toks40
\thm@notefont=\toks41
\thm@headpunct=\toks42
\thm@preskip=\skip262
\thm@postskip=\skip263
\thm@headsep=\skip264
\dth@everypar=\toks43
) (C:\Users\deivi\AppData\Local\Programs\MiKTeX\tex/latex/cleveref\cleveref.sty
Package: cleveref 2018/03/27 v0.21.4 Intelligent cross-referencing
LaTeX Info: Redefining \Cref on input line 925.
Package cleveref Info: `hyperref' support loaded on input line 2370.
LaTeX Info: Redefining \cref on input line 2370.
LaTeX Info: Redefining \Cref on input line 2370.
LaTeX Info: Redefining \crefrange on input line 2370.
LaTeX Info: Redefining \Crefrange on input line 2370.
LaTeX Info: Redefining \cpageref on input line 2370.
LaTeX Info: Redefining \Cpageref on input line 2370.
LaTeX Info: Redefining \cpagerefrange on input line 2370.
LaTeX Info: Redefining \Cpagerefrange on input line 2370.
LaTeX Info: Redefining \labelcref on input line 2370.
LaTeX Info: Redefining \labelcpageref on input line 2370.
Package cleveref Info: `amsthm' support loaded on input line 3026.
) (C:\Users\deivi\AppData\Local\Programs\MiKTeX\tex/latex/pgf/frontendlayer\tikz.sty (C:\Users\deivi\AppData\Local\Programs\MiKTeX\tex/latex/pgf/basiclayer\pgf.sty (C:\Users\deivi\AppData\Local\Programs\MiKTeX\tex/latex/pgf/utilities\pgfrcs.sty (C:\Users\deivi\AppData\Local\Programs\MiKTeX\tex/generic/pgf/utilities\pgfutil-common.tex
\pgfutil@everybye=\toks44
\pgfutil@tempdima=\dimen277
\pgfutil@tempdimb=\dimen278
) (C:\Users\deivi\AppData\Local\Programs\MiKTeX\tex/generic/pgf/utilities\pgfutil-latex.def
\pgfutil@abb=\box65
) (C:\Users\deivi\AppData\Local\Programs\MiKTeX\tex/generic/pgf/utilities\pgfrcs.code.tex (C:\Users\deivi\AppData\Local\Programs\MiKTeX\tex/generic/pgf\pgf.revision.tex)
Package: pgfrcs 2023-01-15 v3.1.10 (3.1.10)
))
Package: pgf 2023-01-15 v3.1.10 (3.1.10)
 (C:\Users\deivi\AppData\Local\Programs\MiKTeX\tex/latex/pgf/basiclayer\pgfcore.sty (C:\Users\deivi\AppData\Local\Programs\MiKTeX\tex/latex/pgf/systemlayer\pgfsys.sty (C:\Users\deivi\AppData\Local\Programs\MiKTeX\tex/generic/pgf/systemlayer\pgfsys.code.tex
Package: pgfsys 2023-01-15 v3.1.10 (3.1.10)
 (C:\Users\deivi\AppData\Local\Programs\MiKTeX\tex/generic/pgf/utilities\pgfkeys.code.tex
\pgfkeys@pathtoks=\toks45
\pgfkeys@temptoks=\toks46
 (C:\Users\deivi\AppData\Local\Programs\MiKTeX\tex/generic/pgf/utilities\pgfkeyslibraryfiltered.code.tex
\pgfkeys@tmptoks=\toks47
))
\pgf@x=\dimen279
\pgf@y=\dimen280
\pgf@xa=\dimen281
\pgf@ya=\dimen282
\pgf@xb=\dimen283
\pgf@yb=\dimen284
\pgf@xc=\dimen285
\pgf@yc=\dimen286
\pgf@xd=\dimen287
\pgf@yd=\dimen288
\w@pgf@writea=\write129
\r@pgf@reada=\read5
\c@pgf@counta=\count373
\c@pgf@countb=\count374
\c@pgf@countc=\count375
\c@pgf@countd=\count376
\t@pgf@toka=\toks48
\t@pgf@tokb=\toks49
\t@pgf@tokc=\toks50
\pgf@sys@id@count=\count377
 (C:\Users\deivi\AppData\Local\Programs\MiKTeX\tex/generic/pgf/systemlayer\pgf.cfg
File: pgf.cfg 2023-01-15 v3.1.10 (3.1.10)
)
Driver file for pgf: pgfsys-pdftex.def
 (C:\Users\deivi\AppData\Local\Programs\MiKTeX\tex/generic/pgf/systemlayer\pgfsys-pdftex.def
File: pgfsys-pdftex.def 2023-01-15 v3.1.10 (3.1.10)
 (C:\Users\deivi\AppData\Local\Programs\MiKTeX\tex/generic/pgf/systemlayer\pgfsys-common-pdf.def
File: pgfsys-common-pdf.def 2023-01-15 v3.1.10 (3.1.10)
))) (C:\Users\deivi\AppData\Local\Programs\MiKTeX\tex/generic/pgf/systemlayer\pgfsyssoftpath.code.tex
File: pgfsyssoftpath.code.tex 2023-01-15 v3.1.10 (3.1.10)
\pgfsyssoftpath@smallbuffer@items=\count378
\pgfsyssoftpath@bigbuffer@items=\count379
) (C:\Users\deivi\AppData\Local\Programs\MiKTeX\tex/generic/pgf/systemlayer\pgfsysprotocol.code.tex
File: pgfsysprotocol.code.tex 2023-01-15 v3.1.10 (3.1.10)
)) (C:\Users\deivi\AppData\Local\Programs\MiKTeX\tex/generic/pgf/basiclayer\pgfcore.code.tex
Package: pgfcore 2023-01-15 v3.1.10 (3.1.10)
 (C:\Users\deivi\AppData\Local\Programs\MiKTeX\tex/generic/pgf/math\pgfmath.code.tex (C:\Users\deivi\AppData\Local\Programs\MiKTeX\tex/generic/pgf/math\pgfmathutil.code.tex) (C:\Users\deivi\AppData\Local\Programs\MiKTeX\tex/generic/pgf/math\pgfmathparser.code.tex
\pgfmath@dimen=\dimen289
\pgfmath@count=\count380
\pgfmath@box=\box66
\pgfmath@toks=\toks51
\pgfmath@stack@operand=\toks52
\pgfmath@stack@operation=\toks53
) (C:\Users\deivi\AppData\Local\Programs\MiKTeX\tex/generic/pgf/math\pgfmathfunctions.code.tex) (C:\Users\deivi\AppData\Local\Programs\MiKTeX\tex/generic/pgf/math\pgfmathfunctions.basic.code.tex) (C:\Users\deivi\AppData\Local\Programs\MiKTeX\tex/generic/pgf/math\pgfmathfunctions.trigonometric.code.tex) (C:\Users\deivi\AppData\Local\Programs\MiKTeX\tex/generic/pgf/math\pgfmathfunctions.random.code.tex) (C:\Users\deivi\AppData\Local\Programs\MiKTeX\tex/generic/pgf/math\pgfmathfunctions.comparison.code.tex) (C:\Users\deivi\AppData\Local\Programs\MiKTeX\tex/generic/pgf/math\pgfmathfunctions.base.code.tex) (C:\Users\deivi\AppData\Local\Programs\MiKTeX\tex/generic/pgf/math\pgfmathfunctions.round.code.tex) (C:\Users\deivi\AppData\Local\Programs\MiKTeX\tex/generic/pgf/math\pgfmathfunctions.misc.code.tex) (C:\Users\deivi\AppData\Local\Programs\MiKTeX\tex/generic/pgf/math\pgfmathfunctions.integerarithmetics.code.tex) (C:\Users\deivi\AppData\Local\Programs\MiKTeX\tex/generic/pgf/math\pgfmathcalc.code.tex) (C:\Users\deivi\AppData\Local\Programs\MiKTeX\tex/generic/pgf/math\pgfmathfloat.code.tex
\c@pgfmathroundto@lastzeros=\count381
)) (C:\Users\deivi\AppData\Local\Programs\MiKTeX\tex/generic/pgf/math\pgfint.code.tex) (C:\Users\deivi\AppData\Local\Programs\MiKTeX\tex/generic/pgf/basiclayer\pgfcorepoints.code.tex
File: pgfcorepoints.code.tex 2023-01-15 v3.1.10 (3.1.10)
\pgf@picminx=\dimen290
\pgf@picmaxx=\dimen291
\pgf@picminy=\dimen292
\pgf@picmaxy=\dimen293
\pgf@pathminx=\dimen294
\pgf@pathmaxx=\dimen295
\pgf@pathminy=\dimen296
\pgf@pathmaxy=\dimen297
\pgf@xx=\dimen298
\pgf@xy=\dimen299
\pgf@yx=\dimen300
\pgf@yy=\dimen301
\pgf@zx=\dimen302
\pgf@zy=\dimen303
) (C:\Users\deivi\AppData\Local\Programs\MiKTeX\tex/generic/pgf/basiclayer\pgfcorepathconstruct.code.tex
File: pgfcorepathconstruct.code.tex 2023-01-15 v3.1.10 (3.1.10)
\pgf@path@lastx=\dimen304
\pgf@path@lasty=\dimen305
) (C:\Users\deivi\AppData\Local\Programs\MiKTeX\tex/generic/pgf/basiclayer\pgfcorepathusage.code.tex
File: pgfcorepathusage.code.tex 2023-01-15 v3.1.10 (3.1.10)
\pgf@shorten@end@additional=\dimen306
\pgf@shorten@start@additional=\dimen307
) (C:\Users\deivi\AppData\Local\Programs\MiKTeX\tex/generic/pgf/basiclayer\pgfcorescopes.code.tex
File: pgfcorescopes.code.tex 2023-01-15 v3.1.10 (3.1.10)
\pgfpic=\box67
\pgf@hbox=\box68
\pgf@layerbox@main=\box69
\pgf@picture@serial@count=\count382
) (C:\Users\deivi\AppData\Local\Programs\MiKTeX\tex/generic/pgf/basiclayer\pgfcoregraphicstate.code.tex
File: pgfcoregraphicstate.code.tex 2023-01-15 v3.1.10 (3.1.10)
\pgflinewidth=\dimen308
) (C:\Users\deivi\AppData\Local\Programs\MiKTeX\tex/generic/pgf/basiclayer\pgfcoretransformations.code.tex
File: pgfcoretransformations.code.tex 2023-01-15 v3.1.10 (3.1.10)
\pgf@pt@x=\dimen309
\pgf@pt@y=\dimen310
\pgf@pt@temp=\dimen311
) (C:\Users\deivi\AppData\Local\Programs\MiKTeX\tex/generic/pgf/basiclayer\pgfcorequick.code.tex
File: pgfcorequick.code.tex 2023-01-15 v3.1.10 (3.1.10)
) (C:\Users\deivi\AppData\Local\Programs\MiKTeX\tex/generic/pgf/basiclayer\pgfcoreobjects.code.tex
File: pgfcoreobjects.code.tex 2023-01-15 v3.1.10 (3.1.10)
) (C:\Users\deivi\AppData\Local\Programs\MiKTeX\tex/generic/pgf/basiclayer\pgfcorepathprocessing.code.tex
File: pgfcorepathprocessing.code.tex 2023-01-15 v3.1.10 (3.1.10)
) (C:\Users\deivi\AppData\Local\Programs\MiKTeX\tex/generic/pgf/basiclayer\pgfcorearrows.code.tex
File: pgfcorearrows.code.tex 2023-01-15 v3.1.10 (3.1.10)
\pgfarrowsep=\dimen312
) (C:\Users\deivi\AppData\Local\Programs\MiKTeX\tex/generic/pgf/basiclayer\pgfcoreshade.code.tex
File: pgfcoreshade.code.tex 2023-01-15 v3.1.10 (3.1.10)
\pgf@max=\dimen313
\pgf@sys@shading@range@num=\count383
\pgf@shadingcount=\count384
) (C:\Users\deivi\AppData\Local\Programs\MiKTeX\tex/generic/pgf/basiclayer\pgfcoreimage.code.tex
File: pgfcoreimage.code.tex 2023-01-15 v3.1.10 (3.1.10)
) (C:\Users\deivi\AppData\Local\Programs\MiKTeX\tex/generic/pgf/basiclayer\pgfcoreexternal.code.tex
File: pgfcoreexternal.code.tex 2023-01-15 v3.1.10 (3.1.10)
\pgfexternal@startupbox=\box70
) (C:\Users\deivi\AppData\Local\Programs\MiKTeX\tex/generic/pgf/basiclayer\pgfcorelayers.code.tex
File: pgfcorelayers.code.tex 2023-01-15 v3.1.10 (3.1.10)
) (C:\Users\deivi\AppData\Local\Programs\MiKTeX\tex/generic/pgf/basiclayer\pgfcoretransparency.code.tex
File: pgfcoretransparency.code.tex 2023-01-15 v3.1.10 (3.1.10)
) (C:\Users\deivi\AppData\Local\Programs\MiKTeX\tex/generic/pgf/basiclayer\pgfcorepatterns.code.tex
File: pgfcorepatterns.code.tex 2023-01-15 v3.1.10 (3.1.10)
) (C:\Users\deivi\AppData\Local\Programs\MiKTeX\tex/generic/pgf/basiclayer\pgfcorerdf.code.tex
File: pgfcorerdf.code.tex 2023-01-15 v3.1.10 (3.1.10)
))) (C:\Users\deivi\AppData\Local\Programs\MiKTeX\tex/generic/pgf/modules\pgfmoduleshapes.code.tex
File: pgfmoduleshapes.code.tex 2023-01-15 v3.1.10 (3.1.10)
\pgfnodeparttextbox=\box71
) (C:\Users\deivi\AppData\Local\Programs\MiKTeX\tex/generic/pgf/modules\pgfmoduleplot.code.tex
File: pgfmoduleplot.code.tex 2023-01-15 v3.1.10 (3.1.10)
) (C:\Users\deivi\AppData\Local\Programs\MiKTeX\tex/latex/pgf/compatibility\pgfcomp-version-0-65.sty
Package: pgfcomp-version-0-65 2023-01-15 v3.1.10 (3.1.10)
\pgf@nodesepstart=\dimen314
\pgf@nodesepend=\dimen315
) (C:\Users\deivi\AppData\Local\Programs\MiKTeX\tex/latex/pgf/compatibility\pgfcomp-version-1-18.sty
Package: pgfcomp-version-1-18 2023-01-15 v3.1.10 (3.1.10)
)) (C:\Users\deivi\AppData\Local\Programs\MiKTeX\tex/latex/pgf/utilities\pgffor.sty (C:\Users\deivi\AppData\Local\Programs\MiKTeX\tex/latex/pgf/utilities\pgfkeys.sty (C:\Users\deivi\AppData\Local\Programs\MiKTeX\tex/generic/pgf/utilities\pgfkeys.code.tex)) (C:\Users\deivi\AppData\Local\Programs\MiKTeX\tex/latex/pgf/math\pgfmath.sty (C:\Users\deivi\AppData\Local\Programs\MiKTeX\tex/generic/pgf/math\pgfmath.code.tex)) (C:\Users\deivi\AppData\Local\Programs\MiKTeX\tex/generic/pgf/utilities\pgffor.code.tex
Package: pgffor 2023-01-15 v3.1.10 (3.1.10)
\pgffor@iter=\dimen316
\pgffor@skip=\dimen317
\pgffor@stack=\toks54
\pgffor@toks=\toks55
)) (C:\Users\deivi\AppData\Local\Programs\MiKTeX\tex/generic/pgf/frontendlayer/tikz\tikz.code.tex
Package: tikz 2023-01-15 v3.1.10 (3.1.10)
 (C:\Users\deivi\AppData\Local\Programs\MiKTeX\tex/generic/pgf/libraries\pgflibraryplothandlers.code.tex
File: pgflibraryplothandlers.code.tex 2023-01-15 v3.1.10 (3.1.10)
\pgf@plot@mark@count=\count385
\pgfplotmarksize=\dimen318
)
\tikz@lastx=\dimen319
\tikz@lasty=\dimen320
\tikz@lastxsaved=\dimen321
\tikz@lastysaved=\dimen322
\tikz@lastmovetox=\dimen323
\tikz@lastmovetoy=\dimen324
\tikzleveldistance=\dimen325
\tikzsiblingdistance=\dimen326
\tikz@figbox=\box72
\tikz@figbox@bg=\box73
\tikz@tempbox=\box74
\tikz@tempbox@bg=\box75
\tikztreelevel=\count386
\tikznumberofchildren=\count387
\tikznumberofcurrentchild=\count388
\tikz@fig@count=\count389
 (C:\Users\deivi\AppData\Local\Programs\MiKTeX\tex/generic/pgf/modules\pgfmodulematrix.code.tex
File: pgfmodulematrix.code.tex 2023-01-15 v3.1.10 (3.1.10)
\pgfmatrixcurrentrow=\count390
\pgfmatrixcurrentcolumn=\count391
\pgf@matrix@numberofcolumns=\count392
)
\tikz@expandcount=\count393
 (C:\Users\deivi\AppData\Local\Programs\MiKTeX\tex/generic/pgf/frontendlayer/tikz/libraries\tikzlibrarytopaths.code.tex
File: tikzlibrarytopaths.code.tex 2023-01-15 v3.1.10 (3.1.10)
))) (C:\Users\deivi\AppData\Local\Programs\MiKTeX\tex/latex/adjustbox\adjustbox.sty
Package: adjustbox 2022/10/17 v1.3a Adjusting TeX boxes (trim, clip, ...)
 (C:\Users\deivi\AppData\Local\Programs\MiKTeX\tex/latex/xkeyval\xkeyval.sty
Package: xkeyval 2022/06/16 v2.9 package option processing (HA)
 (C:\Users\deivi\AppData\Local\Programs\MiKTeX\tex/generic/xkeyval\xkeyval.tex (C:\Users\deivi\AppData\Local\Programs\MiKTeX\tex/generic/xkeyval\xkvutils.tex
\XKV@toks=\toks56
\XKV@tempa@toks=\toks57
)
\XKV@depth=\count394
File: xkeyval.tex 2014/12/03 v2.7a key=value parser (HA)
)) (C:\Users\deivi\AppData\Local\Programs\MiKTeX\tex/latex/adjustbox\adjcalc.sty
Package: adjcalc 2012/05/16 v1.1 Provides advanced setlength with multiple back-ends (calc, etex, pgfmath)
) (C:\Users\deivi\AppData\Local\Programs\MiKTeX\tex/latex/adjustbox\trimclip.sty
Package: trimclip 2020/08/19 v1.2 Trim and clip general TeX material
 (C:\Users\deivi\AppData\Local\Programs\MiKTeX\tex/latex/collectbox\collectbox.sty
Package: collectbox 2022/10/17 v0.4c Collect macro arguments as boxes
\collectedbox=\box76
)
\tc@llx=\dimen327
\tc@lly=\dimen328
\tc@urx=\dimen329
\tc@ury=\dimen330
Package trimclip Info: Using driver 'tc-pdftex.def'.
 (C:\Users\deivi\AppData\Local\Programs\MiKTeX\tex/latex/adjustbox\tc-pdftex.def
File: tc-pdftex.def 2019/01/04 v2.2 Clipping driver for pdftex
))
\adjbox@Width=\dimen331
\adjbox@Height=\dimen332
\adjbox@Depth=\dimen333
\adjbox@Totalheight=\dimen334
\adjbox@pwidth=\dimen335
\adjbox@pheight=\dimen336
\adjbox@pdepth=\dimen337
\adjbox@ptotalheight=\dimen338
 (C:\Users\deivi\AppData\Local\Programs\MiKTeX\tex/latex/ifoddpage\ifoddpage.sty
Package: ifoddpage 2022/10/18 v1.2 Conditionals for odd/even page detection
\c@checkoddpage=\count395
LaTeX Info: Redefining \checkoddpage on input line 45.
) (C:\Users\deivi\AppData\Local\Programs\MiKTeX\tex/latex/varwidth\varwidth.sty
Package: varwidth 2009/03/30 ver 0.92;  Variable-width minipages
\@vwid@box=\box77
\sift@deathcycles=\count396
\@vwid@loff=\dimen339
\@vwid@roff=\dimen340
)) (C:\Users\deivi\AppData\Local\Programs\MiKTeX\tex/latex/biblatex\biblatex.sty
Package: biblatex 2024/03/21 v3.20 programmable bibliographies (PK/MW)
 (C:\Users\deivi\AppData\Local\Programs\MiKTeX\tex/latex/logreq\logreq.sty
Package: logreq 2010/08/04 v1.0 xml request logger
\lrq@indent=\count397
 (C:\Users\deivi\AppData\Local\Programs\MiKTeX\tex/latex/logreq\logreq.def
File: logreq.def 2010/08/04 v1.0 logreq spec v1.0
))
\c@tabx@nest=\count398
\c@listtotal=\count399
\c@listcount=\count400
\c@liststart=\count401
\c@liststop=\count402
\c@citecount=\count403
\c@citetotal=\count404
\c@multicitecount=\count405
\c@multicitetotal=\count406
\c@instcount=\count407
\c@maxnames=\count408
\c@minnames=\count409
\c@maxitems=\count410
\c@minitems=\count411
\c@citecounter=\count412
\c@maxcitecounter=\count413
\c@savedcitecounter=\count414
\c@uniquelist=\count415
\c@uniquename=\count416
\c@refsection=\count417
\c@refsegment=\count418
\c@maxextratitle=\count419
\c@maxextratitleyear=\count420
\c@maxextraname=\count421
\c@maxextradate=\count422
\c@maxextraalpha=\count423
\c@abbrvpenalty=\count424
\c@highnamepenalty=\count425
\c@lownamepenalty=\count426
\c@maxparens=\count427
\c@parenlevel=\count428
\blx@tempcnta=\count429
\blx@tempcntb=\count430
\blx@tempcntc=\count431
\c@blx@maxsection=\count432
\blx@maxsegment@0=\count433
\blx@notetype=\count434
\blx@parenlevel@text=\count435
\blx@parenlevel@foot=\count436
\blx@sectionciteorder@0=\count437
\blx@sectionciteorderinternal@0=\count438
\blx@entrysetcounter=\count439
\blx@biblioinstance=\count440
\labelnumberwidth=\skip265
\labelalphawidth=\skip266
\biblabelsep=\skip267
\bibnamesep=\skip268
\bibinitsep=\skip269
\bibparsep=\skip270
\bibhang=\skip271
\blx@bcfin=\read6
\blx@bcfout=\write130
\blx@langwohyphens=\language81
\c@mincomprange=\count441
\c@maxcomprange=\count442
\c@mincompwidth=\count443
Package biblatex Info: Trying to load biblatex default data model...
Package biblatex Info: ... file 'blx-dm.def' found.
 (C:\Users\deivi\AppData\Local\Programs\MiKTeX\tex/latex/biblatex\blx-dm.def
File: blx-dm.def 2024/03/21 v3.20 biblatex datamodel (PK/MW)
)
Package biblatex Info: Trying to load biblatex style data model...
Package biblatex Info: ... file 'abnt.dbx' not found.
Package biblatex Info: Trying to load biblatex custom data model...
Package biblatex Info: ... file 'biblatex-dm.cfg' not found.
\c@afterword=\count444
\c@savedafterword=\count445
\c@annotator=\count446
\c@savedannotator=\count447
\c@author=\count448
\c@savedauthor=\count449
\c@bookauthor=\count450
\c@savedbookauthor=\count451
\c@commentator=\count452
\c@savedcommentator=\count453
\c@editor=\count454
\c@savededitor=\count455
\c@editora=\count456
\c@savededitora=\count457
\c@editorb=\count458
\c@savededitorb=\count459
\c@editorc=\count460
\c@savededitorc=\count461
\c@foreword=\count462
\c@savedforeword=\count463
\c@holder=\count464
\c@savedholder=\count465
\c@introduction=\count466
\c@savedintroduction=\count467
\c@namea=\count468
\c@savednamea=\count469
\c@nameb=\count470
\c@savednameb=\count471
\c@namec=\count472
\c@savednamec=\count473
\c@translator=\count474
\c@savedtranslator=\count475
\c@shortauthor=\count476
\c@savedshortauthor=\count477
\c@shorteditor=\count478
\c@savedshorteditor=\count479
\c@labelname=\count480
\c@savedlabelname=\count481
\c@institution=\count482
\c@savedinstitution=\count483
\c@lista=\count484
\c@savedlista=\count485
\c@listb=\count486
\c@savedlistb=\count487
\c@listc=\count488
\c@savedlistc=\count489
\c@listd=\count490
\c@savedlistd=\count491
\c@liste=\count492
\c@savedliste=\count493
\c@listf=\count494
\c@savedlistf=\count495
\c@location=\count496
\c@savedlocation=\count497
\c@organization=\count498
\c@savedorganization=\count499
\c@origlocation=\count500
\c@savedoriglocation=\count501
\c@origpublisher=\count502
\c@savedorigpublisher=\count503
\c@publisher=\count504
\c@savedpublisher=\count505
\c@language=\count506
\c@savedlanguage=\count507
\c@origlanguage=\count508
\c@savedoriglanguage=\count509
\c@pageref=\count510
\c@savedpageref=\count511
\shorthandwidth=\skip272
\shortjournalwidth=\skip273
\shortserieswidth=\skip274
\shorttitlewidth=\skip275
\shortauthorwidth=\skip276
\shorteditorwidth=\skip277
\locallabelnumberwidth=\skip278
\locallabelalphawidth=\skip279
\localshorthandwidth=\skip280
\localshortjournalwidth=\skip281
\localshortserieswidth=\skip282
\localshorttitlewidth=\skip283
\localshortauthorwidth=\skip284
\localshorteditorwidth=\skip285
Package biblatex Info: Trying to load compatibility code...
Package biblatex Info: ... file 'blx-compat.def' found.
 (C:\Users\deivi\AppData\Local\Programs\MiKTeX\tex/latex/biblatex\blx-compat.def
File: blx-compat.def 2024/03/21 v3.20 biblatex compatibility (PK/MW)
)
Package biblatex Info: Trying to load generic definitions...
Package biblatex Info: ... file 'biblatex.def' found.
 (C:\Users\deivi\AppData\Local\Programs\MiKTeX\tex/latex/biblatex\biblatex.def
File: biblatex.def 2024/03/21 v3.20 biblatex compatibility (PK/MW)
\c@textcitecount=\count512
\c@textcitetotal=\count513
\c@textcitemaxnames=\count514
\c@biburlbigbreakpenalty=\count515
\c@biburlbreakpenalty=\count516
\c@biburlnumpenalty=\count517
\c@biburlucpenalty=\count518
\c@biburllcpenalty=\count519
\biburlbigskip=\muskip19
\biburlnumskip=\muskip20
\biburlucskip=\muskip21
\biburllcskip=\muskip22
\c@smartand=\count520
)
Package biblatex Info: Trying to load bibliography style 'abnt'...
Package biblatex Info: ... file 'abnt.bbx' found.
 (C:\Users\deivi\AppData\Local\Programs\MiKTeX\tex/latex/biblatex-abnt/bbx\abnt.bbx
File: abnt.bbx 2018-11-17 v3.4 ABNT BibLaTeX citation style
Package biblatex Info: Trying to load bibliography style 'standard'...
Package biblatex Info: ... file 'standard.bbx' found.
 (C:\Users\deivi\AppData\Local\Programs\MiKTeX\tex/latex/biblatex/bbx\standard.bbx
File: standard.bbx 2024/03/21 v3.20 biblatex bibliography style (PK/MW)
\c@bbx:relatedcount=\count521
\c@bbx:relatedtotal=\count522
))
Package biblatex Info: Trying to load citation style 'abnt'...
Package biblatex Info: ... file 'abnt.cbx' found.
 (C:\Users\deivi\AppData\Local\Programs\MiKTeX\tex/latex/biblatex-abnt/cbx\abnt.cbx
File: abnt.cbx 2018-11-17 v3.4 ABNT BibLaTeX citation style
Package biblatex Info: Trying to load citation style 'authoryear-comp'...
Package biblatex Info: ... file 'authoryear-comp.cbx' found.
 (C:\Users\deivi\AppData\Local\Programs\MiKTeX\tex/latex/biblatex/cbx\authoryear-comp.cbx
File: authoryear-comp.cbx 2024/03/21 v3.20 biblatex citation style (PK/MW)
Package biblatex Info: Redefining '\cite'.
Package biblatex Info: Redefining '\parencite'.
Package biblatex Info: Redefining '\footcite'.
Package biblatex Info: Redefining '\footcitetext'.
Package biblatex Info: Redefining '\smartcite'.
Package biblatex Info: Redefining '\textcite'.
Package biblatex Info: Redefining '\textcites'.
Package biblatex Info: Redefining '\cites'.
Package biblatex Info: Redefining '\parencites'.
Package biblatex Info: Redefining '\footcites'.
Package biblatex Info: Redefining '\footcitetexts'.
Package biblatex Info: Redefining '\smartcites'.
)
Package biblatex Info: Redefining '\cite'.
Package biblatex Info: Redefining '\cites'.
Package biblatex Info: Redefining '\footcite'.
Package biblatex Info: Redefining '\footcites'.
Package biblatex Info: Redefining '\citetitle'.
Package biblatex Info: Redefining '\smartcite'.
Package biblatex Info: Redefining '\citeauthor'.
Package biblatex Info: Redefining '\citeyear'.
)
Package biblatex Info: Trying to load configuration file...
Package biblatex Info: ... file 'biblatex.cfg' found.
 (C:\Users\deivi\AppData\Local\Programs\MiKTeX\tex/latex/biblatex\biblatex.cfg
File: biblatex.cfg 
)
Package biblatex Info: Input encoding 'utf8' detected.
Package biblatex Info: Document encoding is UTF8 ....
Package biblatex Info: ... and expl3
(biblatex)             2024-05-27 L3 programming layer (loader) 
(biblatex)             is new enough (at least 2020/04/06),
(biblatex)             setting 'casechanger=expl3'.
 (C:\Users\deivi\AppData\Local\Programs\MiKTeX\tex/latex/biblatex\blx-case-expl3.sty
Package: blx-case-expl3 2024/03/21 v3.20 expl3 case changing code for biblatex
)) (C:\Users\deivi\AppData\Local\Programs\MiKTeX\tex/latex/csquotes\csquotes.sty
Package: csquotes 2024-04-04 v5.2o context-sensitive quotations (JAW)
\csq@reset=\count523
\csq@gtype=\count524
\csq@glevel=\count525
\csq@qlevel=\count526
\csq@maxlvl=\count527
\csq@tshold=\count528
\csq@ltx@everypar=\toks58
 (C:\Users\deivi\AppData\Local\Programs\MiKTeX\tex/latex/csquotes\csquotes.def
File: csquotes.def 2024-04-04 v5.2o csquotes generic definitions (JAW)
)
Package csquotes Info: Trying to load configuration file 'csquotes.cfg'...
Package csquotes Info: ... configuration file loaded successfully.
 (C:\Users\deivi\AppData\Local\Programs\MiKTeX\tex/latex/csquotes\csquotes.cfg
File: csquotes.cfg 
)) (C:\Users\deivi\AppData\Local\Programs\MiKTeX\tex/generic/pgf/frontendlayer/tikz/libraries\tikzlibrarypositioning.code.tex
File: tikzlibrarypositioning.code.tex 2023-01-15 v3.1.10 (3.1.10)
)
\@membrobancaconta=\count529
\titlepagewinwidth=\skip286
\titlepagewinheight=\skip287
\titlepagewinvoffset=\skip288
\c@loadepth=\count530
\c@algoritmo=\count531
\cftbeforealgoritmoskip=\skip289
\cftalgoritmoindent=\skip290
\cftalgoritmonumwidth=\skip291
\c@locdepth=\count532
\c@codigo=\count533
\cftbeforecodigoskip=\skip292
\cftcodigoindent=\skip293
\cftcodigonumwidth=\skip294
\c@loqdepth=\count534
\c@quadro=\count535
\cftbeforequadroskip=\skip295
\cftquadroindent=\skip296
\cftquadronumwidth=\skip297
\c@corolario=\count536
\c@definicao=\count537
\c@exemplo=\count538
\c@lema=\count539
\c@observacao=\count540
\c@proposicao=\count541
\c@teorema=\count542
) (config.tex (C:\Users\deivi\AppData\Local\Programs\MiKTeX\tex/latex/fancyvrb\fancyvrb.sty
Package: fancyvrb 2024/01/20 4.5c verbatim text (tvz,hv)
\FV@CodeLineNo=\count543
\FV@InFile=\read7
\FV@TabBox=\box78
\c@FancyVerbLine=\count544
\FV@StepNumber=\count545
\FV@OutFile=\write131
) (C:\Users\deivi\AppData\Local\Programs\MiKTeX\tex/latex/fvextra\fvextra.sty
Package: fvextra 2024/05/16 v1.7.0 fvextra - extensions and patches for fancyvrb
 (C:\Users\deivi\AppData\Local\Programs\MiKTeX\tex/latex/upquote\upquote.sty
Package: upquote 2012/04/19 v1.3 upright-quote and grave-accent glyphs in verbatim
 (C:\Users\deivi\AppData\Local\Programs\MiKTeX\tex/latex/base\textcomp.sty
Package: textcomp 2024/04/24 v2.1b Standard LaTeX package
)) (C:\Users\deivi\AppData\Local\Programs\MiKTeX\tex/latex/lineno\lineno.sty
Package: lineno 2023/05/20 line numbers on paragraphs v5.3
\linenopenalty=\count546
\output=\toks59
\linenoprevgraf=\count547
\linenumbersep=\dimen341
\linenumberwidth=\dimen342
\c@linenumber=\count548
\c@pagewiselinenumber=\count549
\c@LN@truepage=\count550
\c@internallinenumber=\count551
\c@internallinenumbers=\count552
\quotelinenumbersep=\dimen343
\bframerule=\dimen344
\bframesep=\dimen345
\bframebox=\box79
\linenoamsmath@ams@eqpen=\count553


LaTeX Warning: Command \@parboxrestore  has changed.
               Check if current package is valid.

LaTeX Info: Redefining \\ on input line 3180.
)

Package fvextra Warning: csquotes should be loaded after fvextra, to avoid a warning from the lineno package on input line 36.

\c@FancyVerbWriteLine=\count554
\c@FancyVerbBufferIndex=\count555
\c@FancyVerbBufferLength=\count556
\c@FancyVerbBufferLine=\count557
\c@FV@oldbufferlength=\count558
\c@FV@TrueTabGroupLevel=\count559
\c@FV@TrueTabCounter=\count560
\FV@TabBox@Group=\box80
\FV@TmpLength=\skip298
\c@FV@HighlightLinesStart=\count561
\c@FV@HighlightLinesStop=\count562
\FV@LoopCount=\count563
\FV@NCharsBox=\box81
\FV@BreakIndent=\dimen346
\FV@BreakIndentNChars=\count564
\FV@BreakSymbolSepLeft=\dimen347
\FV@BreakSymbolSepLeftNChars=\count565
\FV@BreakSymbolSepRight=\dimen348
\FV@BreakSymbolSepRightNChars=\count566
\FV@BreakSymbolIndentLeft=\dimen349
\FV@BreakSymbolIndentLeftNChars=\count567
\FV@BreakSymbolIndentRight=\dimen350
\FV@BreakSymbolIndentRightNChars=\count568
\c@FancyVerbLineBreakLast=\count569
\FV@LineBox=\box82
\FV@LineIndentBox=\box83
\c@FV@BreakBufferDepth=\count570
\FV@LineWidth=\dimen351
) (C:\Users\deivi\AppData\Local\Programs\MiKTeX\tex/latex/algorithmicx\algpseudocode.sty
Package: algpseudocode 
 (C:\Users\deivi\AppData\Local\Programs\MiKTeX\tex/latex/algorithmicx\algorithmicx.sty
Package: algorithmicx 2005/04/27 v1.2 Algorithmicx

Document Style algorithmicx 1.2 - a greatly improved `algorithmic' style
\c@ALG@line=\count571
\c@ALG@rem=\count572
\c@ALG@nested=\count573
\ALG@tlm=\skip299
\ALG@thistlm=\skip300
\c@ALG@Lnr=\count574
\c@ALG@blocknr=\count575
\c@ALG@storecount=\count576
\c@ALG@tmpcounter=\count577
\ALG@tmplength=\skip301
)
Document Style - pseudocode environments for use with the `algorithmicx' style
)) (capitulos/pretextual.tex)
Package csquotes Info: Checking for multilingual support...
Package csquotes Info: ... found 'babel' package.
Package csquotes Info: Adjusting default style.
Package csquotes Info: Redefining alias 'default' -> 'brazil'.
LaTeX Font Info:    Trying to load font information for T1+lmr on input line 60.
 (C:\Users\deivi\AppData\Local\Programs\MiKTeX\tex/latex/lm\t1lmr.fd
File: t1lmr.fd 2015/05/01 v1.6.1 Font defs for Latin Modern
) (monografia.aux)
\openout1 = `monografia.aux'.

LaTeX Font Info:    Checking defaults for OML/cmm/m/it on input line 60.
LaTeX Font Info:    ... okay on input line 60.
LaTeX Font Info:    Checking defaults for OMS/cmsy/m/n on input line 60.
LaTeX Font Info:    ... okay on input line 60.
LaTeX Font Info:    Checking defaults for OT1/cmr/m/n on input line 60.
LaTeX Font Info:    ... okay on input line 60.
LaTeX Font Info:    Checking defaults for T1/cmr/m/n on input line 60.
LaTeX Font Info:    ... okay on input line 60.
LaTeX Font Info:    Checking defaults for TS1/cmr/m/n on input line 60.
LaTeX Font Info:    ... okay on input line 60.
LaTeX Font Info:    Checking defaults for OMX/cmex/m/n on input line 60.
LaTeX Font Info:    ... okay on input line 60.
LaTeX Font Info:    Checking defaults for U/cmr/m/n on input line 60.
LaTeX Font Info:    ... okay on input line 60.
LaTeX Font Info:    Checking defaults for PD1/pdf/m/n on input line 60.
LaTeX Font Info:    ... okay on input line 60.
LaTeX Font Info:    Checking defaults for PU/pdf/m/n on input line 60.
LaTeX Font Info:    ... okay on input line 60.
Package hyperref Info: Link coloring OFF on input line 60.
\myptabbox=\box84
\myptabboxwidth=\skip302
 (C:\Users\deivi\AppData\Local\Programs\MiKTeX\tex/context/base/mkii\supp-pdf.mkii
[Loading MPS to PDF converter (version 2006.09.02).]
\scratchcounter=\count578
\scratchdimen=\dimen352
\scratchbox=\box85
\nofMPsegments=\count579
\nofMParguments=\count580
\everyMPshowfont=\toks60
\MPscratchCnt=\count581
\MPscratchDim=\dimen353
\MPnumerator=\count582
\makeMPintoPDFobject=\count583
\everyMPtoPDFconversion=\toks61
) (C:\Users\deivi\AppData\Local\Programs\MiKTeX\tex/latex/epstopdf-pkg\epstopdf-base.sty
Package: epstopdf-base 2020-01-24 v2.11 Base part for package epstopdf
 (C:\Users\deivi\AppData\Local\Programs\MiKTeX\tex/latex/grfext\grfext.sty
Package: grfext 2019/12/03 v1.3 Manage graphics extensions (HO)
)
Package epstopdf-base Info: Redefining graphics rule for `.eps' on input line 485.
Package grfext Info: Graphics extension search list:
(grfext)             [.pdf,.png,.jpg,.mps,.jpeg,.jbig2,.jb2,.PDF,.PNG,.JPG,.JPEG,.JBIG2,.JB2,.eps]
(grfext)             \AppendGraphicsExtensions on input line 504.
 (C:\Users\deivi\AppData\Local\Programs\MiKTeX\tex/latex/00miktex\epstopdf-sys.cfg
File: epstopdf-sys.cfg 2021/03/18 v2.0 Configuration of epstopdf for MiKTeX
))
Package caption Info: Begin \AtBeginDocument code.
Package caption Info: End \AtBeginDocument code.
LaTeX Info: Redefining \microtypecontext on input line 60.
Package microtype Info: Applying patch `item' on input line 60.
Package microtype Info: Applying patch `toc' on input line 60.
Package microtype Info: Applying patch `eqnum' on input line 60.
Package microtype Info: Applying patch `footnote' on input line 60.
Package microtype Info: Applying patch `verbatim' on input line 60.
Package microtype Info: Generating PDF output.
Package microtype Info: Character protrusion enabled (level 2).
Package microtype Info: Using default protrusion set `alltext'.
Package microtype Info: Automatic font expansion enabled (level 2),
(microtype)             stretch: 20, shrink: 20, step: 1, non-selected.
Package microtype Info: Using default expansion set `alltext-nott'.
LaTeX Info: Redefining \showhyphens on input line 60.
Package microtype Info: No adjustment of tracking.
Package microtype Info: No adjustment of interword spacing.
Package microtype Info: No adjustment of character kerning.
 (C:\Users\deivi\AppData\Local\Programs\MiKTeX\tex/latex/microtype\mt-cmr.cfg
File: mt-cmr.cfg 2013/05/19 v2.2 microtype config. file: Computer Modern Roman (RS)
) (C:\Users\deivi\AppData\Local\Programs\MiKTeX\tex/latex/pdflscape\pdflscape.sty
Package: pdflscape 2022-10-27 v0.13 Display of landscape pages in PDF
 (C:\Users\deivi\AppData\Local\Programs\MiKTeX\tex/latex/pdflscape\pdflscape-nometadata.sty
Package: pdflscape-nometadata 2022-10-28 v0.13 Display of landscape pages in PDF (HO)
 (C:\Users\deivi\AppData\Local\Programs\MiKTeX\tex/latex/graphics\lscape.sty
Package: lscape 2020/05/28 v3.02 Landscape Pages (DPC)
)
Package pdflscape Info: Auto-detected driver: pdftex on input line 81.
))
Package biblatex Info: Trying to load language 'brazil' -> 'brazil-abnt'...
Package biblatex Info: ... file 'brazil-abnt.lbx' found.
 (C:\Users\deivi\AppData\Local\Programs\MiKTeX\tex/latex/biblatex-abnt/lbx\brazil-abnt.lbx
File: brazil-abnt.lbx 2018-11-17 v3.4 ABNT BibLaTeX citation style


Package biblatex Warning: File 'brazilian-abnt-abnt.lbx' not found!
(biblatex)                Ignoring mapping 'brazilian-abnt' -> 'brazilian-abnt-abnt'.

Package biblatex Info: Trying to load language 'brazilian-abnt'...
Package biblatex Info: ... file 'brazilian-abnt.lbx' found.
(C:\Users\deivi\AppData\Local\Programs\MiKTeX\tex/latex/biblatex-abnt/lbx\brazilian-abnt.lbx
File: brazilian-abnt.lbx 2018-11-17 v3.4 ABNT BibLaTeX citation style
Package biblatex Info: Trying to load language 'brazilian' -> 'brazilian-abnt'...
Package biblatex Info: ... file 'brazilian-abnt.lbx' found.
 (C:\Users\deivi\AppData\Local\Programs\MiKTeX\tex/latex/biblatex-abnt/lbx\brazilian-abnt.lbx
File: brazilian-abnt.lbx 2018-11-17 v3.4 ABNT BibLaTeX citation style
Package biblatex Info: Trying to load language 'brazilian'...
Package biblatex Info: ... file 'brazilian.lbx' found.
 (C:\Users\deivi\AppData\Local\Programs\MiKTeX\tex/latex/biblatex/lbx\brazilian.lbx
File: brazilian.lbx 2024/03/21 v3.20 biblatex localization (PK/MW)
)))
Package biblatex Info: Trying to load language 'brazilian-abnt'...
Package biblatex Info: ... file 'brazilian-abnt.lbx' found.
 (C:\Users\deivi\AppData\Local\Programs\MiKTeX\tex/latex/biblatex-abnt/lbx\brazilian-abnt.lbx
File: brazilian-abnt.lbx 2018-11-17 v3.4 ABNT BibLaTeX citation style
Package biblatex Info: Trying to load language 'brazilian' -> 'brazilian-abnt'...
Package biblatex Info: ... file 'brazilian-abnt.lbx' found.
 (C:\Users\deivi\AppData\Local\Programs\MiKTeX\tex/latex/biblatex-abnt/lbx\brazilian-abnt.lbx
File: brazilian-abnt.lbx 2018-11-17 v3.4 ABNT BibLaTeX citation style
Package biblatex Info: Trying to load language 'brazilian'...
Package biblatex Info: ... file 'brazilian.lbx' found.
 (C:\Users\deivi\AppData\Local\Programs\MiKTeX\tex/latex/biblatex/lbx\brazilian.lbx
File: brazilian.lbx 2024/03/21 v3.20 biblatex localization (PK/MW)
)
Package biblatex Info: Trying to load language 'brazil'...
Package biblatex Info: ... file 'brazil.lbx' found.
 (C:\Users\deivi\AppData\Local\Programs\MiKTeX\tex/latex/biblatex/lbx\brazil.lbx
File: brazil.lbx 2024/03/21 v3.20 biblatex localization (PK/MW)
Package biblatex Info: Trying to load language 'brazilian'...
Package biblatex Info: ... file 'brazilian.lbx' found.
 (C:\Users\deivi\AppData\Local\Programs\MiKTeX\tex/latex/biblatex/lbx\brazilian.lbx
File: brazilian.lbx 2024/03/21 v3.20 biblatex localization (PK/MW)
)))
Package biblatex Info: Trying to load language 'brazil'...
Package biblatex Info: ... file 'brazil.lbx' found.
 (C:\Users\deivi\AppData\Local\Programs\MiKTeX\tex/latex/biblatex/lbx\brazil.lbx
File: brazil.lbx 2024/03/21 v3.20 biblatex localization (PK/MW)
Package biblatex Info: Trying to load language 'brazilian' -> 'brazilian-abnt'...
Package biblatex Info: ... file 'brazilian-abnt.lbx' found.
 (C:\Users\deivi\AppData\Local\Programs\MiKTeX\tex/latex/biblatex-abnt/lbx\brazilian-abnt.lbx
File: brazilian-abnt.lbx 2018-11-17 v3.4 ABNT BibLaTeX citation style
Package biblatex Info: Trying to load language 'brazilian'...
Package biblatex Info: ... file 'brazilian.lbx' found.
 (C:\Users\deivi\AppData\Local\Programs\MiKTeX\tex/latex/biblatex/lbx\brazilian.lbx
File: brazilian.lbx 2024/03/21 v3.20 biblatex localization (PK/MW)
)
Package biblatex Info: Trying to load language 'brazil'...
Package biblatex Info: ... file 'brazil.lbx' found.
 (C:\Users\deivi\AppData\Local\Programs\MiKTeX\tex/latex/biblatex/lbx\brazil.lbx
File: brazil.lbx 2024/03/21 v3.20 biblatex localization (PK/MW)
Package biblatex Info: Trying to load language 'brazilian'...
Package biblatex Info: ... file 'brazilian.lbx' found.
 (C:\Users\deivi\AppData\Local\Programs\MiKTeX\tex/latex/biblatex/lbx\brazilian.lbx
File: brazilian.lbx 2024/03/21 v3.20 biblatex localization (PK/MW)
))))))
Package biblatex Info: Input encoding 'utf8' detected.
Package biblatex Info: Automatic encoding selection.
(biblatex)             Assuming data encoding 'utf8'.
\openout4 = `monografia.bcf'.

\openout4 = `monografia.mw'.

\openout4 = `monografia.mw'.

Package biblatex Info: Trying to load bibliographic data...
Package biblatex Info: ... file 'monografia.bbl' found.
 (monografia.bbl)
Package biblatex Info: Reference section=0 on input line 60.
Package biblatex Info: Reference segment=0 on input line 60.
Package hyperref Info: Option `breaklinks' set `true' on input line 60.


\openout4 = `monografia.mw'.

[1

{C:/Users/deivi/AppData/Local/MiKTeX/fonts/map/pdftex/pdftex.map}{C:/Users/deivi/AppData/Local/Programs/MiKTeX/fonts/enc/dvips/lm/lm-ec.enc}] (monografia.mw)
\openout4 = `monografia.mw'.


Underfull \hbox (badness 10000) in paragraph at lines 65--65

 []

LaTeX Font Info:    Trying to load font information for OT1+lmr on input line 65.
(C:\Users\deivi\AppData\Local\Programs\MiKTeX\tex/latex/lm\ot1lmr.fd
File: ot1lmr.fd 2015/05/01 v1.6.1 Font defs for Latin Modern
)
LaTeX Font Info:    Trying to load font information for OML+lmm on input line 65.
 (C:\Users\deivi\AppData\Local\Programs\MiKTeX\tex/latex/lm\omllmm.fd
File: omllmm.fd 2015/05/01 v1.6.1 Font defs for Latin Modern
)
LaTeX Font Info:    Trying to load font information for OMS+lmsy on input line 65.
 (C:\Users\deivi\AppData\Local\Programs\MiKTeX\tex/latex/lm\omslmsy.fd
File: omslmsy.fd 2015/05/01 v1.6.1 Font defs for Latin Modern
)
LaTeX Font Info:    Trying to load font information for OMX+lmex on input line 65.
 (C:\Users\deivi\AppData\Local\Programs\MiKTeX\tex/latex/lm\omxlmex.fd
File: omxlmex.fd 2015/05/01 v1.6.1 Font defs for Latin Modern
)
LaTeX Font Info:    External font `lmex10' loaded for size
(Font)              <12> on input line 65.
LaTeX Font Info:    External font `lmex10' loaded for size
(Font)              <8> on input line 65.
LaTeX Font Info:    External font `lmex10' loaded for size
(Font)              <6> on input line 65.
LaTeX Font Info:    Trying to load font information for U+msa on input line 65.
 (C:\Users\deivi\AppData\Local\Programs\MiKTeX\tex/latex/amsfonts\umsa.fd
File: umsa.fd 2013/01/14 v3.01 AMS symbols A
) (C:\Users\deivi\AppData\Local\Programs\MiKTeX\tex/latex/microtype\mt-msa.cfg
File: mt-msa.cfg 2006/02/04 v1.1 microtype config. file: AMS symbols (a) (RS)
)
LaTeX Font Info:    Trying to load font information for U+msb on input line 65.
 (C:\Users\deivi\AppData\Local\Programs\MiKTeX\tex/latex/amsfonts\umsb.fd
File: umsb.fd 2013/01/14 v3.01 AMS symbols B
) (C:\Users\deivi\AppData\Local\Programs\MiKTeX\tex/latex/microtype\mt-msb.cfg
File: mt-msb.cfg 2005/06/01 v1.0 microtype config. file: AMS symbols (b) (RS)
)


pdfTeX warning (ext4): destination with the same identifier (name{page.1}) has been already used, duplicate ignored
<to be read again> 
                   \relax 
l.65 \maketitle
               
\openout4 = `monografia.mw'.

 [1


] (monografia.mw)
\openout4 = `monografia.mw'.

<ficha_catalografica.pdf, id=20, 614.295pt x 794.97pt>
File: ficha_catalografica.pdf Graphic file (type pdf)
<use ficha_catalografica.pdf>
Package pdftex.def Info: ficha_catalografica.pdf  used on input line 65.
(pdftex.def)             Requested size: 614.29349pt x 794.96806pt.
File: ficha_catalografica.pdf Graphic file (type pdf)
<use ficha_catalografica.pdf>
Package pdftex.def Info: ficha_catalografica.pdf  used on input line 65.
(pdftex.def)             Requested size: 614.29349pt x 794.96806pt.
<ficha_catalografica.pdf, id=23, page=1, 614.295pt x 794.97pt>
File: ficha_catalografica.pdf Graphic file (type pdf)
<use ficha_catalografica.pdf, page 1>
Package pdftex.def Info: ficha_catalografica.pdf , page1 used on input line 65.
(pdftex.def)             Requested size: 614.29349pt x 794.96806pt.
File: ficha_catalografica.pdf Graphic file (type pdf)
<use ficha_catalografica.pdf, page 1>
Package pdftex.def Info: ficha_catalografica.pdf , page1 used on input line 65.
(pdftex.def)             Requested size: 597.78697pt x 773.60669pt.
File: ficha_catalografica.pdf Graphic file (type pdf)
<use ficha_catalografica.pdf, page 1>
Package pdftex.def Info: ficha_catalografica.pdf , page1 used on input line 65.
(pdftex.def)             Requested size: 597.78697pt x 773.60669pt.
File: ficha_catalografica.pdf Graphic file (type pdf)
<use ficha_catalografica.pdf, page 1>
Package pdftex.def Info: ficha_catalografica.pdf , page1 used on input line 65.
(pdftex.def)             Requested size: 597.78697pt x 773.60669pt.


File: ficha_catalografica.pdf Graphic file (type pdf)
<use ficha_catalografica.pdf, page 1>
Package pdftex.def Info: ficha_catalografica.pdf , page1 used on input line 65.
(pdftex.def)             Requested size: 597.78697pt x 773.60669pt.
\openout4 = `monografia.mw'.

[2

 <./ficha_catalografica.pdf>] (monografia.mw)
\openout4 = `monografia.mw'.



\openout4 = `monografia.mw'.

[3] (monografia.mw)
\openout4 = `monografia.mw'.



\openout4 = `monografia.mw'.

[4


] (monografia.mw)
\openout4 = `monografia.mw'.



\openout4 = `monografia.mw'.

[5

] (monografia.mw)
\openout4 = `monografia.mw'.



\openout4 = `monografia.mw'.

[6


] (monografia.mw)
\openout4 = `monografia.mw'.



\openout4 = `monografia.mw'.

[7


] (monografia.mw)
\openout4 = `monografia.mw'.

 (monografia.lof)

\openout4 = `monografia.mw'.

[8


] (monografia.mw)
\openout4 = `monografia.mw'.

 (monografia.lot)

\openout4 = `monografia.mw'.

[9


] (monografia.mw)
\openout4 = `monografia.mw'.



\openout4 = `monografia.mw'.

[10


] (monografia.mw)
\openout4 = `monografia.mw'.



\openout4 = `monografia.mw'.

[11] (monografia.mw)
\openout4 = `monografia.mw'.



\openout4 = `monografia.mw'.

[12


{C:/Users/deivi/AppData/Local/Programs/MiKTeX/fonts/enc/dvips/lm/lm-rm.enc}{C:/Users/deivi/AppData/Local/Programs/MiKTeX/fonts/enc/dvips/lm/lm-mathit.enc}] (monografia.mw)
\openout4 = `monografia.mw'.

 (monografia.toc)

\openout4 = `monografia.mw'.

[13


] (monografia.mw)
\openout4 = `monografia.mw'.

 (capitulos/cap_introducao.tex
\openout4 = `monografia.mw'.

\openout4 = `monografia.mw'.

\openout4 = `monografia.mw'.

\openout4 = `monografia.mw'.

\openout4 = `monografia.mw'.

\openout4 = `monografia.mw'.

\openout4 = `monografia.mw'.

\openout4 = `monografia.mw'.

\openout4 = `monografia.mw'.

\openout4 = `monografia.mw'.

\openout4 = `monografia.mw'.

\openout4 = `monografia.mw'.

\openout4 = `monografia.mw'.

\openout4 = `monografia.mw'.

\openout4 = `monografia.mw'.

\openout4 = `monografia.mw'.

\openout4 = `monografia.mw'.

\openout4 = `monografia.mw'.

\openout4 = `monografia.mw'.

\openout4 = `monografia.mw'.

\openout4 = `monografia.mw'.

\openout4 = `monografia.mw'.

\openout4 = `monografia.mw'.

\openout4 = `monografia.mw'.

\openout4 = `monografia.mw'.

\openout4 = `monografia.mw'.

\openout4 = `monografia.mw'.

\openout4 = `monografia.mw'.

\openout4 = `monografia.mw'.

\openout4 = `monografia.mw'.



\openout4 = `monografia.mw'.

[14


] (monografia.mw)
\openout4 = `monografia.mw'.

\openout4 = `monografia.mw'.

\openout4 = `monografia.mw'.

\openout4 = `monografia.mw'.

\openout4 = `monografia.mw'.

LaTeX Font Info:    Trying to load font information for TS1+lmr on input line 29.
 (C:\Users\deivi\AppData\Local\Programs\MiKTeX\tex/latex/lm\ts1lmr.fd
File: ts1lmr.fd 2015/05/01 v1.6.1 Font defs for Latin Modern
))

\openout4 = `monografia.mw'.

[15{C:/Users/deivi/AppData/Local/Programs/MiKTeX/fonts/enc/dvips/lm/lm-ts1.enc}] (monografia.mw)
\openout4 = `monografia.mw'.

 (capitulos/cap_configuracao_pre.tex
\openout4 = `monografia.mw'.

\openout4 = `monografia.mw'.

\openout4 = `monografia.mw'.

\openout4 = `monografia.mw'.

\openout4 = `monografia.mw'.

\openout4 = `monografia.mw'.

\openout4 = `monografia.mw'.

\openout4 = `monografia.mw'.

\openout4 = `monografia.mw'.

\openout4 = `monografia.mw'.



\openout4 = `monografia.mw'.

[16

] (monografia.mw)
\openout4 = `monografia.mw'.

\openout4 = `monografia.mw'.

\openout4 = `monografia.mw'.

\openout4 = `monografia.mw'.

\openout4 = `monografia.mw'.

\openout4 = `monografia.mw'.

\openout4 = `monografia.mw'.

\openout4 = `monografia.mw'.

\openout4 = `monografia.mw'.

\openout4 = `monografia.mw'.

\openout4 = `monografia.mw'.

\openout4 = `monografia.mw'.

\openout4 = `monografia.mw'.

\openout4 = `monografia.mw'.

\openout4 = `monografia.mw'.

\openout4 = `monografia.mw'.

\openout4 = `monografia.mw'.

\openout4 = `monografia.mw'.

\openout4 = `monografia.mw'.

\openout4 = `monografia.mw'.

\openout4 = `monografia.mw'.

\openout4 = `monografia.mw'.

\openout4 = `monografia.mw'.



\openout4 = `monografia.mw'.

[17] (monografia.mw)
\openout4 = `monografia.mw'.

\openout4 = `monografia.mw'.

\openout4 = `monografia.mw'.

\openout4 = `monografia.mw'.

\openout4 = `monografia.mw'.

\openout4 = `monografia.mw'.

\openout4 = `monografia.mw'.

\openout4 = `monografia.mw'.

\openout4 = `monografia.mw'.

\openout4 = `monografia.mw'.

\openout4 = `monografia.mw'.

\openout4 = `monografia.mw'.

\openout4 = `monografia.mw'.

\openout4 = `monografia.mw'.

\openout4 = `monografia.mw'.

\openout4 = `monografia.mw'.

\openout4 = `monografia.mw'.

\openout4 = `monografia.mw'.

\openout4 = `monografia.mw'.

\openout4 = `monografia.mw'.

\openout4 = `monografia.mw'.



\openout4 = `monografia.mw'.

[18] (monografia.mw)
\openout4 = `monografia.mw'.

\openout4 = `monografia.mw'.

\openout4 = `monografia.mw'.

\openout4 = `monografia.mw'.

\openout4 = `monografia.mw'.

\openout4 = `monografia.mw'.

\openout4 = `monografia.mw'.

\openout4 = `monografia.mw'.

\openout4 = `monografia.mw'.

\openout4 = `monografia.mw'.

\openout4 = `monografia.mw'.

\openout4 = `monografia.mw'.

\openout4 = `monografia.mw'.

\openout4 = `monografia.mw'.

\openout4 = `monografia.mw'.

\openout4 = `monografia.mw'.

\openout4 = `monografia.mw'.

\openout4 = `monografia.mw'.

\openout4 = `monografia.mw'.

\openout4 = `monografia.mw'.

\openout4 = `monografia.mw'.

\openout4 = `monografia.mw'.

\openout4 = `monografia.mw'.



\openout4 = `monografia.mw'.

[19] (monografia.mw)
\openout4 = `monografia.mw'.

\openout4 = `monografia.mw'.

\openout4 = `monografia.mw'.

\openout4 = `monografia.mw'.

\openout4 = `monografia.mw'.

\openout4 = `monografia.mw'.

\openout4 = `monografia.mw'.

\openout4 = `monografia.mw'.

\openout4 = `monografia.mw'.

\openout4 = `monografia.mw'.

\openout4 = `monografia.mw'.


Underfull \hbox (badness 1442) in paragraph at lines 120--120
[]|\T1/lmr/m/n/12 (+20) Receptor/transmissor as-sín-crono
 []

\openout4 = `monografia.mw'.

\openout4 = `monografia.mw'.

\openout4 = `monografia.mw'.

\openout4 = `monografia.mw'.

\openout4 = `monografia.mw'.

\openout4 = `monografia.mw'.



\openout4 = `monografia.mw'.

[20] (monografia.mw)
\openout4 = `monografia.mw'.

\openout4 = `monografia.mw'.

\openout4 = `monografia.mw'.

\openout4 = `monografia.mw'.

\openout4 = `monografia.mw'.

\openout4 = `monografia.mw'.

\openout4 = `monografia.mw'.

\openout4 = `monografia.mw'.

\openout4 = `monografia.mw'.

\openout4 = `monografia.mw'.

\openout4 = `monografia.mw'.

\openout4 = `monografia.mw'.

\openout4 = `monografia.mw'.

\openout4 = `monografia.mw'.

\openout4 = `monografia.mw'.

\openout4 = `monografia.mw'.

\openout4 = `monografia.mw'.

\openout4 = `monografia.mw'.

\openout4 = `monografia.mw'.



\openout4 = `monografia.mw'.

[21] (monografia.mw)
\openout4 = `monografia.mw'.

\openout4 = `monografia.mw'.

\openout4 = `monografia.mw'.

\openout4 = `monografia.mw'.

\openout4 = `monografia.mw'.

\openout4 = `monografia.mw'.

\openout4 = `monografia.mw'.

\openout4 = `monografia.mw'.

\openout4 = `monografia.mw'.

\openout4 = `monografia.mw'.

\openout4 = `monografia.mw'.

\openout4 = `monografia.mw'.

\openout4 = `monografia.mw'.

\openout4 = `monografia.mw'.

\openout4 = `monografia.mw'.

\openout4 = `monografia.mw'.

\openout4 = `monografia.mw'.

\openout4 = `monografia.mw'.

\openout4 = `monografia.mw'.

\openout4 = `monografia.mw'.

\openout4 = `monografia.mw'.

\openout4 = `monografia.mw'.

\openout4 = `monografia.mw'.

\openout4 = `monografia.mw'.

\openout4 = `monografia.mw'.

\openout4 = `monografia.mw'.

\openout4 = `monografia.mw'.

<figuras/Datta.png, id=466, 496.10344pt x 493.845pt>
File: figuras/Datta.png Graphic file (type png)
<use figuras/Datta.png>
Package pdftex.def Info: figuras/Datta.png  used on input line 166.
(pdftex.def)             Requested size: 284.52756pt x 283.23526pt.
\openout4 = `monografia.mw'.

\openout4 = `monografia.mw'.

\openout4 = `monografia.mw'.

\openout4 = `monografia.mw'.

\openout4 = `monografia.mw'.

\openout4 = `monografia.mw'.

\openout4 = `monografia.mw'.

\openout4 = `monografia.mw'.



\openout4 = `monografia.mw'.

[22] (monografia.mw)
\openout4 = `monografia.mw'.

\openout4 = `monografia.mw'.

\openout4 = `monografia.mw'.

\openout4 = `monografia.mw'.

\openout4 = `monografia.mw'.

\openout4 = `monografia.mw'.

\openout4 = `monografia.mw'.

\openout4 = `monografia.mw'.

\openout4 = `monografia.mw'.



\openout4 = `monografia.mw'.

[23 <./figuras/Datta.png>] (monografia.mw)
\openout4 = `monografia.mw'.

\openout4 = `monografia.mw'.

\openout4 = `monografia.mw'.

\openout4 = `monografia.mw'.

\openout4 = `monografia.mw'.

\openout4 = `monografia.mw'.

\openout4 = `monografia.mw'.

\openout4 = `monografia.mw'.

\openout4 = `monografia.mw'.

\openout4 = `monografia.mw'.

\openout4 = `monografia.mw'.

\openout4 = `monografia.mw'.

\openout4 = `monografia.mw'.

\openout4 = `monografia.mw'.

\openout4 = `monografia.mw'.

\openout4 = `monografia.mw'.

\openout4 = `monografia.mw'.

\openout4 = `monografia.mw'.

\openout4 = `monografia.mw'.

\openout4 = `monografia.mw'.

\openout4 = `monografia.mw'.

\openout4 = `monografia.mw'.

\openout4 = `monografia.mw'.

\openout4 = `monografia.mw'.

\openout4 = `monografia.mw'.

\openout4 = `monografia.mw'.

\openout4 = `monografia.mw'.



\openout4 = `monografia.mw'.

[24] (monografia.mw)
\openout4 = `monografia.mw'.

\openout4 = `monografia.mw'.

\openout4 = `monografia.mw'.

\openout4 = `monografia.mw'.

\openout4 = `monografia.mw'.

\openout4 = `monografia.mw'.

\openout4 = `monografia.mw'.

\openout4 = `monografia.mw'.

\openout4 = `monografia.mw'.

\openout4 = `monografia.mw'.

\openout4 = `monografia.mw'.

\openout4 = `monografia.mw'.

\openout4 = `monografia.mw'.

\openout4 = `monografia.mw'.

\openout4 = `monografia.mw'.



\openout4 = `monografia.mw'.

[25] (monografia.mw)
\openout4 = `monografia.mw'.

\openout4 = `monografia.mw'.

\openout4 = `monografia.mw'.

\openout4 = `monografia.mw'.

\openout4 = `monografia.mw'.

\openout4 = `monografia.mw'.

\openout4 = `monografia.mw'.

\openout4 = `monografia.mw'.

\openout4 = `monografia.mw'.

\openout4 = `monografia.mw'.

\openout4 = `monografia.mw'.

\openout4 = `monografia.mw'.

\openout4 = `monografia.mw'.

\openout4 = `monografia.mw'.

\openout4 = `monografia.mw'.

\openout4 = `monografia.mw'.

\openout4 = `monografia.mw'.

\openout4 = `monografia.mw'.

\openout4 = `monografia.mw'.

\openout4 = `monografia.mw'.

\openout4 = `monografia.mw'.

\openout4 = `monografia.mw'.

\openout4 = `monografia.mw'.

\openout4 = `monografia.mw'.

\openout4 = `monografia.mw'.

\openout4 = `monografia.mw'.

\openout4 = `monografia.mw'.

\openout4 = `monografia.mw'.

\openout4 = `monografia.mw'.

\openout4 = `monografia.mw'.

\openout4 = `monografia.mw'.

\openout4 = `monografia.mw'.

\openout4 = `monografia.mw'.

\openout4 = `monografia.mw'.

\openout4 = `monografia.mw'.

\openout4 = `monografia.mw'.

\openout4 = `monografia.mw'.

\openout4 = `monografia.mw'.

\openout4 = `monografia.mw'.

\openout4 = `monografia.mw'.

\openout4 = `monografia.mw'.



\openout4 = `monografia.mw'.

[26] (monografia.mw)
\openout4 = `monografia.mw'.

\openout4 = `monografia.mw'.

\openout4 = `monografia.mw'.

\openout4 = `monografia.mw'.

\openout4 = `monografia.mw'.

\openout4 = `monografia.mw'.

\openout4 = `monografia.mw'.

\openout4 = `monografia.mw'.

\openout4 = `monografia.mw'.

\openout4 = `monografia.mw'.

\openout4 = `monografia.mw'.

\openout4 = `monografia.mw'.

\openout4 = `monografia.mw'.

\openout4 = `monografia.mw'.

\openout4 = `monografia.mw'.

\openout4 = `monografia.mw'.

\openout4 = `monografia.mw'.

\openout4 = `monografia.mw'.

\openout4 = `monografia.mw'.

\openout4 = `monografia.mw'.

\openout4 = `monografia.mw'.

\openout4 = `monografia.mw'.

\openout4 = `monografia.mw'.

\openout4 = `monografia.mw'.

\openout4 = `monografia.mw'.

\openout4 = `monografia.mw'.

\openout4 = `monografia.mw'.

\openout4 = `monografia.mw'.

\openout4 = `monografia.mw'.

\openout4 = `monografia.mw'.

\openout4 = `monografia.mw'.

\openout4 = `monografia.mw'.

\openout4 = `monografia.mw'.

\openout4 = `monografia.mw'.

\openout4 = `monografia.mw'.

\openout4 = `monografia.mw'.

\openout4 = `monografia.mw'.



\openout4 = `monografia.mw'.

[27] (monografia.mw)
\openout4 = `monografia.mw'.

\openout4 = `monografia.mw'.

\openout4 = `monografia.mw'.

\openout4 = `monografia.mw'.

\openout4 = `monografia.mw'.

\openout4 = `monografia.mw'.

\openout4 = `monografia.mw'.

\openout4 = `monografia.mw'.

\openout4 = `monografia.mw'.

\openout4 = `monografia.mw'.

\openout4 = `monografia.mw'.

\openout4 = `monografia.mw'.

\openout4 = `monografia.mw'.

<figuras/Carmody.png, id=626, 878.53218pt x 534.49687pt>
File: figuras/Carmody.png Graphic file (type png)
<use figuras/Carmody.png>
Package pdftex.def Info: figuras/Carmody.png  used on input line 299.
(pdftex.def)             Requested size: 455.24408pt x 276.97758pt.
\openout4 = `monografia.mw'.

\openout4 = `monografia.mw'.

\openout4 = `monografia.mw'.

\openout4 = `monografia.mw'.

\openout4 = `monografia.mw'.

\openout4 = `monografia.mw'.



\openout4 = `monografia.mw'.

[28] (monografia.mw)
\openout4 = `monografia.mw'.

\openout4 = `monografia.mw'.

\openout4 = `monografia.mw'.

\openout4 = `monografia.mw'.

\openout4 = `monografia.mw'.

\openout4 = `monografia.mw'.

\openout4 = `monografia.mw'.

\openout4 = `monografia.mw'.

\openout4 = `monografia.mw'.

\openout4 = `monografia.mw'.

\openout4 = `monografia.mw'.



\openout4 = `monografia.mw'.

[29 <./figuras/Carmody.png>] (monografia.mw)
\openout4 = `monografia.mw'.

\openout4 = `monografia.mw'.

\openout4 = `monografia.mw'.

\openout4 = `monografia.mw'.

\openout4 = `monografia.mw'.

\openout4 = `monografia.mw'.

\openout4 = `monografia.mw'.

\openout4 = `monografia.mw'.

\openout4 = `monografia.mw'.

\openout4 = `monografia.mw'.

\openout4 = `monografia.mw'.

\openout4 = `monografia.mw'.

\openout4 = `monografia.mw'.

\openout4 = `monografia.mw'.

\openout4 = `monografia.mw'.

\openout4 = `monografia.mw'.

\openout4 = `monografia.mw'.

\openout4 = `monografia.mw'.

\openout4 = `monografia.mw'.

\openout4 = `monografia.mw'.

\openout4 = `monografia.mw'.

\openout4 = `monografia.mw'.

\openout4 = `monografia.mw'.



\openout4 = `monografia.mw'.

[30] (monografia.mw)
\openout4 = `monografia.mw'.

\openout4 = `monografia.mw'.

\openout4 = `monografia.mw'.

\openout4 = `monografia.mw'.

\openout4 = `monografia.mw'.

\openout4 = `monografia.mw'.

\openout4 = `monografia.mw'.

\openout4 = `monografia.mw'.

\openout4 = `monografia.mw'.

)

\openout4 = `monografia.mw'.

[31{C:/Users/deivi/AppData/Local/Programs/MiKTeX/fonts/enc/dvips/lm/lm-mathsy.enc}] (monografia.mw)
\openout4 = `monografia.mw'.

 (capitulos/cap_corpos_flutuantes.tex
\openout4 = `monografia.mw'.

\openout4 = `monografia.mw'.

\openout4 = `monografia.mw'.

\openout4 = `monografia.mw'.

\openout4 = `monografia.mw'.

\openout4 = `monografia.mw'.

\openout4 = `monografia.mw'.

\openout4 = `monografia.mw'.

\openout4 = `monografia.mw'.

\openout4 = `monografia.mw'.

\openout4 = `monografia.mw'.

\openout4 = `monografia.mw'.

\openout4 = `monografia.mw'.

\openout4 = `monografia.mw'.

\openout4 = `monografia.mw'.

\openout4 = `monografia.mw'.



\openout4 = `monografia.mw'.

[32

] (monografia.mw)
\openout4 = `monografia.mw'.

\openout4 = `monografia.mw'.

\openout4 = `monografia.mw'.

\openout4 = `monografia.mw'.

\openout4 = `monografia.mw'.

\openout4 = `monografia.mw'.

\openout4 = `monografia.mw'.

\openout4 = `monografia.mw'.

\openout4 = `monografia.mw'.

\openout4 = `monografia.mw'.

\openout4 = `monografia.mw'.

\openout4 = `monografia.mw'.

\openout4 = `monografia.mw'.

\openout4 = `monografia.mw'.

\openout4 = `monografia.mw'.

\openout4 = `monografia.mw'.

\openout4 = `monografia.mw'.

\openout4 = `monografia.mw'.

\openout4 = `monografia.mw'.

\openout4 = `monografia.mw'.

\openout4 = `monografia.mw'.

\openout4 = `monografia.mw'.

\openout4 = `monografia.mw'.

\openout4 = `monografia.mw'.

\openout4 = `monografia.mw'.

\openout4 = `monografia.mw'.

\openout4 = `monografia.mw'.

\openout4 = `monografia.mw'.

\openout4 = `monografia.mw'.



\openout4 = `monografia.mw'.

[33] (monografia.mw)
\openout4 = `monografia.mw'.

\openout4 = `monografia.mw'.

\openout4 = `monografia.mw'.

\openout4 = `monografia.mw'.

\openout4 = `monografia.mw'.


Underfull \hbox (badness 4353) in paragraph at lines 48--48
\T1/lmr/m/n/12 (+20) per-for-mance in-fe-rior em
 []

\openout4 = `monografia.mw'.

\openout4 = `monografia.mw'.

\openout4 = `monografia.mw'.

\openout4 = `monografia.mw'.

\openout4 = `monografia.mw'.

\openout4 = `monografia.mw'.

\openout4 = `monografia.mw'.

\openout4 = `monografia.mw'.

\openout4 = `monografia.mw'.

\openout4 = `monografia.mw'.

\openout4 = `monografia.mw'.

\openout4 = `monografia.mw'.

\openout4 = `monografia.mw'.

\openout4 = `monografia.mw'.

\openout4 = `monografia.mw'.

\openout4 = `monografia.mw'.


Underfull \hbox (badness 6542) in paragraph at lines 48--48
\T1/lmr/m/it/12 (+20) stan-dards\T1/lmr/m/n/12 (+20) , \T1/lmr/m/it/12 (+20) WMS\T1/lmr/m/n/12 (+20) , \T1/lmr/m/it/12 (+20) WCS\T1/lmr/m/n/12 (+20) ,
 []


Underfull \hbox (badness 7326) in paragraph at lines 48--48
[]|\T1/lmr/m/it/12 (+20) Node.js\T1/lmr/m/n/12 (+20) , \T1/lmr/m/it/12 (+20) Re-act\T1/lmr/m/n/12 (+20) , \T1/lmr/m/it/12 (+20) Nest.js\T1/lmr/m/n/12 (+20) ,
 []

)

\openout4 = `monografia.mw'.

[34] (monografia.mw)
\openout4 = `monografia.mw'.

 (capitulos/cap_ambientes_matematicos.tex

\openout4 = `monografia.mw'.

[35

] (monografia.mw)
\openout4 = `monografia.mw'.



\openout4 = `monografia.mw'.

[36] (monografia.mw)
\openout4 = `monografia.mw'.

<figuras/Anemometer-sensor.png, id=776, 722.7pt x 722.7pt>
File: figuras/Anemometer-sensor.png Graphic file (type png)
<use figuras/Anemometer-sensor.png>
Package pdftex.def Info: figuras/Anemometer-sensor.png  used on input line 60.
(pdftex.def)             Requested size: 284.52756pt x 284.53154pt.
\openout4 = `monografia.mw'.

\openout4 = `monografia.mw'.

\openout4 = `monografia.mw'.

\openout4 = `monografia.mw'.

<figuras/DHT22-sensor.png, id=779, 417.05812pt x 188.20313pt>
File: figuras/DHT22-sensor.png Graphic file (type png)
<use figuras/DHT22-sensor.png>
Package pdftex.def Info: figuras/DHT22-sensor.png  used on input line 68.
(pdftex.def)             Requested size: 284.52756pt x 128.40431pt.
\openout4 = `monografia.mw'.

\openout4 = `monografia.mw'.

\openout4 = `monografia.mw'.

\openout4 = `monografia.mw'.

<figuras/BMP280-sensor.png, id=782, 376.40625pt x 188.20313pt>
File: figuras/BMP280-sensor.png Graphic file (type png)
<use figuras/BMP280-sensor.png>
Package pdftex.def Info: figuras/BMP280-sensor.png  used on input line 76.
(pdftex.def)             Requested size: 284.52756pt x 142.27483pt.
\openout4 = `monografia.mw'.

\openout4 = `monografia.mw'.

\openout4 = `monografia.mw'.

\openout4 = `monografia.mw'.

<figuras/LM393-sensor.png, id=785, 393.72093pt x 235.63031pt>
File: figuras/LM393-sensor.png Graphic file (type png)
<use figuras/LM393-sensor.png>
Package pdftex.def Info: figuras/LM393-sensor.png  used on input line 84.
(pdftex.def)             Requested size: 284.52756pt x 170.2793pt.
\openout4 = `monografia.mw'.

\openout4 = `monografia.mw'.

\openout4 = `monografia.mw'.

\openout4 = `monografia.mw'.

<figuras/BH1750-sensor.png, id=788, 385.44pt x 289.08pt>
File: figuras/BH1750-sensor.png Graphic file (type png)
<use figuras/BH1750-sensor.png>
Package pdftex.def Info: figuras/BH1750-sensor.png  used on input line 92.
(pdftex.def)             Requested size: 284.52756pt x 213.39534pt.
\openout4 = `monografia.mw'.

\openout4 = `monografia.mw'.

\openout4 = `monografia.mw'.

\openout4 = `monografia.mw'.

<figuras/ESP32-micro.jpg, id=791, 663.98062pt x 462.22687pt>
File: figuras/ESP32-micro.jpg Graphic file (type jpg)
<use figuras/ESP32-micro.jpg>
Package pdftex.def Info: figuras/ESP32-micro.jpg  used on input line 100.
(pdftex.def)             Requested size: 284.52756pt x 198.06953pt.
\openout4 = `monografia.mw'.

\openout4 = `monografia.mw'.

\openout4 = `monografia.mw'.

\openout4 = `monografia.mw'.

<figuras/Jumpers-cabos.png, id=794, 602.25pt x 602.25pt>
File: figuras/Jumpers-cabos.png Graphic file (type png)
<use figuras/Jumpers-cabos.png>
Package pdftex.def Info: figuras/Jumpers-cabos.png  used on input line 108.
(pdftex.def)             Requested size: 284.52756pt x 284.53705pt.
\openout4 = `monografia.mw'.

\openout4 = `monografia.mw'.

\openout4 = `monografia.mw'.

\openout4 = `monografia.mw'.

)

\openout4 = `monografia.mw'.

[37 <./figuras/Anemometer-sensor.png> <./figuras/DHT22-sensor.png>] (monografia.mw)
\openout4 = `monografia.mw'.



\openout4 = `monografia.mw'.

[38 <./figuras/BMP280-sensor.png> <./figuras/LM393-sensor.png> <./figuras/BH1750-sensor.png>] (monografia.mw)
\openout4 = `monografia.mw'.



\openout4 = `monografia.mw'.

[39 <./figuras/ESP32-micro.jpg> <./figuras/Jumpers-cabos.png>] (monografia.mw)
\openout4 = `monografia.mw'.



\openout4 = `monografia.mw'.

[40

] (monografia.mw)
\openout4 = `monografia.mw'.



\openout4 = `monografia.mw'.

[41] (monografia.mw)
\openout4 = `monografia.mw'.



\openout4 = `monografia.mw'.

[42] (monografia.mw)
\openout4 = `monografia.mw'.



\openout4 = `monografia.mw'.

[43] (monografia.mw)
\openout4 = `monografia.mw'.



\openout4 = `monografia.mw'.

[44] (monografia.mw)
\openout4 = `monografia.mw'.



\openout4 = `monografia.mw'.

[45] (monografia.mw)
\openout4 = `monografia.mw'.



\openout4 = `monografia.mw'.

[46] (monografia.mw)
\openout4 = `monografia.mw'.

\tf@lof=\write132
\openout4 = `monografia.lof'.

\tf@lot=\write133
\openout4 = `monografia.lot'.

\tf@toc=\write134
\openout4 = `monografia.toc'.

 
enddocument/afterlastpage: lastpage setting LastPage.
(monografia.aux
\openout4 = `monografia.mw'.

\openout4 = `monografia.mw'.

\openout4 = `monografia.mw'.

\openout4 = `monografia.mw'.

\openout4 = `monografia.mw'.

\openout4 = `monografia.mw'.

\openout4 = `monografia.mw'.

\openout4 = `monografia.mw'.

\openout4 = `monografia.mw'.

\openout4 = `monografia.mw'.

\openout4 = `monografia.mw'.

\openout4 = `monografia.mw'.

\openout4 = `monografia.mw'.

\openout4 = `monografia.mw'.

\openout4 = `monografia.mw'.

\openout4 = `monografia.mw'.

\openout4 = `monografia.mw'.

\openout4 = `monografia.mw'.

\openout4 = `monografia.mw'.

\openout4 = `monografia.mw'.

\openout4 = `monografia.mw'.

\openout4 = `monografia.mw'.

\openout4 = `monografia.mw'.

\openout4 = `monografia.mw'.

\openout4 = `monografia.mw'.

\openout4 = `monografia.mw'.

\openout4 = `monografia.mw'.

\openout4 = `monografia.mw'.

\openout4 = `monografia.mw'.

\openout4 = `monografia.mw'.

\openout4 = `monografia.mw'.

\openout4 = `monografia.mw'.

\openout4 = `monografia.mw'.

\openout4 = `monografia.mw'.

\openout4 = `monografia.mw'.

\openout4 = `monografia.mw'.

\openout4 = `monografia.mw'.

\openout4 = `monografia.mw'.

\openout4 = `monografia.mw'.

\openout4 = `monografia.mw'.

\openout4 = `monografia.mw'.

\openout4 = `monografia.mw'.

\openout4 = `monografia.mw'.

\openout4 = `monografia.mw'.

\openout4 = `monografia.mw'.

\openout4 = `monografia.mw'.

\openout4 = `monografia.mw'.

\openout4 = `monografia.mw'.

\openout4 = `monografia.mw'.

\openout4 = `monografia.mw'.

\openout4 = `monografia.mw'.

\openout4 = `monografia.mw'.

\openout4 = `monografia.mw'.

\openout4 = `monografia.mw'.

\openout4 = `monografia.mw'.

\openout4 = `monografia.mw'.

\openout4 = `monografia.mw'.

\openout4 = `monografia.mw'.

\openout4 = `monografia.mw'.

\openout4 = `monografia.mw'.

\openout4 = `monografia.mw'.

\openout4 = `monografia.mw'.

\openout4 = `monografia.mw'.

\openout4 = `monografia.mw'.

\openout4 = `monografia.mw'.

\openout4 = `monografia.mw'.

\openout4 = `monografia.mw'.

\openout4 = `monografia.mw'.

\openout4 = `monografia.mw'.

\openout4 = `monografia.mw'.

\openout4 = `monografia.mw'.

\openout4 = `monografia.mw'.

\openout4 = `monografia.mw'.

\openout4 = `monografia.mw'.

\openout4 = `monografia.mw'.

\openout4 = `monografia.mw'.

\openout4 = `monografia.mw'.

\openout4 = `monografia.mw'.

\openout4 = `monografia.mw'.

\openout4 = `monografia.mw'.

\openout4 = `monografia.mw'.

\openout4 = `monografia.mw'.

\openout4 = `monografia.mw'.

\openout4 = `monografia.mw'.

\openout4 = `monografia.mw'.

\openout4 = `monografia.mw'.

\openout4 = `monografia.mw'.

\openout4 = `monografia.mw'.

\openout4 = `monografia.mw'.

\openout4 = `monografia.mw'.

\openout4 = `monografia.mw'.

\openout4 = `monografia.mw'.

\openout4 = `monografia.mw'.

\openout4 = `monografia.mw'.

\openout4 = `monografia.mw'.

\openout4 = `monografia.mw'.

\openout4 = `monografia.mw'.

\openout4 = `monografia.mw'.

\openout4 = `monografia.mw'.

\openout4 = `monografia.mw'.

\openout4 = `monografia.mw'.

\openout4 = `monografia.mw'.

\openout4 = `monografia.mw'.

\openout4 = `monografia.mw'.

\openout4 = `monografia.mw'.

\openout4 = `monografia.mw'.

\openout4 = `monografia.mw'.

\openout4 = `monografia.mw'.

\openout4 = `monografia.mw'.

\openout4 = `monografia.mw'.

\openout4 = `monografia.mw'.

\openout4 = `monografia.mw'.

\openout4 = `monografia.mw'.

\openout4 = `monografia.mw'.

\openout4 = `monografia.mw'.

\openout4 = `monografia.mw'.

\openout4 = `monografia.mw'.

\openout4 = `monografia.mw'.

\openout4 = `monografia.mw'.

\openout4 = `monografia.mw'.

\openout4 = `monografia.mw'.

\openout4 = `monografia.mw'.

\openout4 = `monografia.mw'.

\openout4 = `monografia.mw'.

\openout4 = `monografia.mw'.

\openout4 = `monografia.mw'.

\openout4 = `monografia.mw'.

\openout4 = `monografia.mw'.

\openout4 = `monografia.mw'.

\openout4 = `monografia.mw'.

\openout4 = `monografia.mw'.

\openout4 = `monografia.mw'.

)
 ***********
LaTeX2e <2024-06-01> patch level 1
L3 programming layer <2020/03/25>
 ***********
\openout4 = `monografia.mw'.

\openout4 = `monografia.mw'.

\openout4 = `monografia.bcf'.

Package logreq Info: Writing requests to 'monografia.run.xml'.
\openout1 = `monografia.run.xml'.

\openout4 = `monografia.lof'.

\openout4 = `monografia.lot'.

\openout4 = `monografia.toc'.

 ) 
Here is how much of TeX's memory you used:
 45962 strings out of 473919
 866848 string characters out of 5726953
 2019680 words of memory out of 5000000
 66595 multiletter control sequences out of 15000+600000
 613398 words of font info for 166 fonts, out of 8000000 for 9000
 1141 hyphenation exceptions out of 8191
 113i,17n,121p,1385b,4456s stack positions out of 10000i,1000n,20000p,200000b,200000s
<C:/Users/deivi/AppData/Local/Programs/MiKTeX/fonts/type1/public/amsfonts/cm/cmbx10.pfb><C:/Users/deivi/AppData/Local/Programs/MiKTeX/fonts/type1/public/amsfonts/cm/cmr10.pfb><C:/Users/deivi/AppData/Local/Programs/MiKTeX/fonts/type1/public/amsfonts/cm/cmti10.pfb><C:/Users/deivi/AppData/Local/Programs/MiKTeX/fonts/type1/public/lm/lmbx12.pfb><C:/Users/deivi/AppData/Local/Programs/MiKTeX/fonts/type1/public/lm/lmbxi10.pfb><C:/Users/deivi/AppData/Local/Programs/MiKTeX/fonts/type1/public/lm/lmmi12.pfb><C:/Users/deivi/AppData/Local/Programs/MiKTeX/fonts/type1/public/lm/lmmi8.pfb><C:/Users/deivi/AppData/Local/Programs/MiKTeX/fonts/type1/public/lm/lmr10.pfb><C:/Users/deivi/AppData/Local/Programs/MiKTeX/fonts/type1/public/lm/lmr12.pfb><C:/Users/deivi/AppData/Local/Programs/MiKTeX/fonts/type1/public/lm/lmr8.pfb><C:/Users/deivi/AppData/Local/Programs/MiKTeX/fonts/type1/public/lm/lmri10.pfb><C:/Users/deivi/AppData/Local/Programs/MiKTeX/fonts/type1/public/lm/lmri12.pfb><C:/Users/deivi/AppData/Local/Programs/MiKTeX/fonts/type1/public/lm/lmsy10.pfb>
Output written on monografia.pdf (47 pages, 2909694 bytes).
PDF statistics:
 1168 PDF objects out of 1200 (max. 8388607)
 202 named destinations out of 1000 (max. 500000)
 29118 words of extra memory for PDF output out of 29859 (max. 10000000)

